{"numTotalTestSuites":36,"numPassedTestSuites":36,"numFailedTestSuites":0,"numPendingTestSuites":0,"numTotalTests":45,"numPassedTests":45,"numFailedTests":0,"numPendingTests":0,"numTodoTests":0,"snapshot":{"added":0,"failure":false,"filesAdded":0,"filesRemoved":0,"filesRemovedList":[],"filesUnmatched":0,"filesUpdated":0,"matched":0,"total":0,"unchecked":0,"uncheckedKeysByFile":[],"unmatched":0,"updated":0,"didUpdate":false},"startTime":1789917960505,"success":true,"testResults":[{"assertionResults":[{"ancestorTitles":["authentication and role routes"],"fullName":"authentication and role routes shows validation for incomplete login","status":"passed","title":"shows validation for incomplete login","duration":688.7194999999992,"failureMessages":[],"meta":{},"tags":[]},{"ancestorTitles":["authentication and role routes"],"fullName":"authentication and role routes keeps staff login at its URL-only endpoint","status":"passed","title":"keeps staff login at its URL-only endpoint","duration":225.75830000000133,"failureMessages":[],"meta":{},"tags":[]},{"ancestorTitles":["authentication and role routes"],"fullName":"authentication and role routes returns agent registration to the staff login","status":"passed","title":"returns agent registration to the staff login","duration":71.65320000000065,"failureMessages":[],"meta":{},"tags":[]},{"ancestorTitles":["authentication and role routes"],"fullName":"authentication and role routes redirects unauthenticated protected routes","status":"passed","title":"redirects unauthenticated protected routes","duration":101.07940000000235,"failureMessages":[],"meta":{},"tags":[]}],"startTime":1789917978127,"endTime":1789917979214.0793,"status":"passed","message":"","name":"C:/Users/ASUS/Desktop/Swif Shazan/Swift/frontend/src/test/auth.test.tsx"},{"assertionResults":[{"ancestorTitles":["public runtime configuration"],"fullName":"public runtime configuration prefers the container runtime API URL over the build-time value","status":"passed","title":"prefers the container runtime API URL over the build-time value","duration":10.525999999998021,"failureMessages":[],"meta":{},"tags":[]},{"ancestorTitles":["public runtime configuration"],"fullName":"public runtime configuration falls back to the build-time value when no runtime config is injected","status":"passed","title":"falls back to the build-time value when no runtime config is injected","duration":0.7013000000006286,"failureMessages":[],"meta":{},"tags":[]},{"ancestorTitles":["public runtime configuration"],"fullName":"public runtime configuration falls back to localhost when neither source is configured","status":"passed","title":"falls back to localhost when neither source is configured","duration":0.4606000000057975,"failureMessages":[],"meta":{},"tags":[]},{"ancestorTitles":["public runtime configuration"],"fullName":"public runtime configuration strips trailing slashes so path joining never double-slashes","status":"passed","title":"strips trailing slashes so path joining never double-slashes","duration":0.25609999999869615,"failureMessages":[],"meta":{},"tags":[]}],"startTime":1789918046371,"endTime":1789918046383.4607,"status":"passed","message":"","name":"C:/Users/ASUS/Desktop/Swif Shazan/Swift/frontend/src/test/config.test.ts"},{"assertionResults":[{"ancestorTitles":[],"fullName":"marks completed, active and waiting processing steps","status":"passed","title":"marks completed, active and waiting processing steps","duration":171.96319999999832,"failureMessages":[],"meta":{},"tags":[]}],"startTime":1789918032495,"endTime":1789918032666.9631,"status":"passed","message":"","name":"C:/Users/ASUS/Desktop/Swif Shazan/Swift/frontend/src/test/processing.test.tsx"},{"assertionResults":[{"ancestorTitles":["theme preference"],"fullName":"theme preference defaults to light on first visit","status":"passed","title":"defaults to light on first visit","duration":114.44460000000254,"failureMessages":[],"meta":{},"tags":[]},{"ancestorTitles":["theme preference"],"fullName":"theme preference switches theme and persists it","status":"passed","title":"switches theme and persists it","duration":377.1477999999988,"failureMessages":[],"meta":{},"tags":[]}],"startTime":1789918016796,"endTime":1789918017287.1477,"status":"passed","message":"","name":"C:/Users/ASUS/Desktop/Swif Shazan/Swift/frontend/src/test/theme.test.tsx"},{"assertionResults":[{"ancestorTitles":["image validation"],"fullName":"image validation rejects unsupported file formats","status":"passed","title":"rejects unsupported file formats","duration":15.69220000000496,"failureMessages":[],"meta":{},"tags":[]},{"ancestorTitles":["image validation"],"fullName":"image validation rejects files over 5 MB","status":"passed","title":"rejects files over 5 MB","duration":9.31019999999262,"failureMessages":[],"meta":{},"tags":[]},{"ancestorTitles":["image validation"],"fullName":"image validation accepts valid jpeg evidence","status":"passed","title":"accepts valid jpeg evidence","duration":1.3839000000007218,"failureMessages":[],"meta":{},"tags":[]}],"startTime":1789918043231,"endTime":1789918043257.3838,"status":"passed","message":"","name":"C:/Users/ASUS/Desktop/Swif Shazan/Swift/frontend/src/test/upload.test.ts"},{"assertionResults":[{"ancestorTitles":["Avatar"],"fullName":"Avatar renders up to two initials from the name","status":"passed","title":"renders up to two initials from the name","duration":73.94460000000254,"failureMessages":[],"meta":{},"tags":[]},{"ancestorTitles":["Avatar"],"fullName":"Avatar renders an image instead of initials when src is given","status":"passed","title":"renders an image instead of initials when src is given","duration":311.58729999999923,"failureMessages":[],"meta":{},"tags":[]}],"startTime":1789918020487,"endTime":1789918020872.5874,"status":"passed","message":"","name":"C:/Users/ASUS/Desktop/Swif Shazan/Swift/frontend/src/test/ui/Avatar.test.tsx"},{"assertionResults":[{"ancestorTitles":["Badge"],"fullName":"Badge renders label text","status":"passed","title":"renders label text","duration":85.76409999998577,"failureMessages":[],"meta":{},"tags":[]},{"ancestorTitles":["Badge"],"fullName":"Badge applies the tone's classes","status":"passed","title":"applies the tone's classes","duration":5.692900000009104,"failureMessages":[],"meta":{},"tags":[]},{"ancestorTitles":["Badge"],"fullName":"Badge defaults to the neutral tone","status":"passed","title":"defaults to the neutral tone","duration":6.264699999999721,"failureMessages":[],"meta":{},"tags":[]}],"startTime":1789918028984,"endTime":1789918029082.2646,"status":"passed","message":"","name":"C:/Users/ASUS/Desktop/Swif Shazan/Swift/frontend/src/test/ui/Badge.test.tsx"},{"assertionResults":[{"ancestorTitles":["Button"],"fullName":"Button renders children and fires onClick","status":"passed","title":"renders children and fires onClick","duration":666.6494999999995,"failureMessages":[],"meta":{},"tags":[]},{"ancestorTitles":["Button"],"fullName":"Button does not fire onClick when disabled","status":"passed","title":"does not fire onClick when disabled","duration":112.29299999999785,"failureMessages":[],"meta":{},"tags":[]},{"ancestorTitles":["Button"],"fullName":"Button iconOnly hides children and still needs an accessible name from the caller","status":"passed","title":"iconOnly hides children and still needs an accessible name from the caller","duration":54.49029999999766,"failureMessages":[],"meta":{},"tags":[]},{"ancestorTitles":["IconButton"],"fullName":"IconButton renders as a secondary-styled button when active","status":"passed","title":"renders as a secondary-styled button when active","duration":37.8080000000009,"failureMessages":[],"meta":{},"tags":[]}],"startTime":1789917984094,"endTime":1789917984966.808,"status":"passed","message":"","name":"C:/Users/ASUS/Desktop/Swif Shazan/Swift/frontend/src/test/ui/Button.test.tsx"},{"assertionResults":[{"ancestorTitles":["Card"],"fullName":"Card renders children without a title","status":"passed","title":"renders children without a title","duration":69.22370000000228,"failureMessages":[],"meta":{},"tags":[]},{"ancestorTitles":["Card"],"fullName":"Card renders a title heading and an action slot","status":"passed","title":"renders a title heading and an action slot","duration":320.7975000000006,"failureMessages":[],"meta":{},"tags":[]}],"startTime":1789918024684,"endTime":1789918025073.7976,"status":"passed","message":"","name":"C:/Users/ASUS/Desktop/Swif Shazan/Swift/frontend/src/test/ui/Card.test.tsx"},{"assertionResults":[{"ancestorTitles":["DataTable"],"fullName":"DataTable renders a header row and one row per item","status":"passed","title":"renders a header row and one row per item","duration":75.8130999999994,"failureMessages":[],"meta":{},"tags":[]},{"ancestorTitles":["DataTable"],"fullName":"DataTable calls onRowClick with the clicked row","status":"passed","title":"calls onRowClick with the clicked row","duration":375.5063000000009,"failureMessages":[],"meta":{},"tags":[]},{"ancestorTitles":["DataTable"],"fullName":"DataTable shows animated placeholder rows until table data is loaded","status":"passed","title":"shows animated placeholder rows until table data is loaded","duration":94.79550000000017,"failureMessages":[],"meta":{},"tags":[]}],"startTime":1789918007013,"endTime":1789918007558.7954,"status":"passed","message":"","name":"C:/Users/ASUS/Desktop/Swif Shazan/Swift/frontend/src/test/ui/DataTable.test.tsx"},{"assertionResults":[{"ancestorTitles":["Dialog"],"fullName":"Dialog renders nothing when closed","status":"passed","title":"renders nothing when closed","duration":94.54539999999906,"failureMessages":[],"meta":{},"tags":[]},{"ancestorTitles":["Dialog"],"fullName":"Dialog renders title, content and footer when open","status":"passed","title":"renders title, content and footer when open","duration":544.1395999999986,"failureMessages":[],"meta":{},"tags":[]},{"ancestorTitles":["Dialog"],"fullName":"Dialog calls onClose when the scrim is clicked but not when the dialog body is clicked","status":"passed","title":"calls onClose when the scrim is clicked but not when the dialog body is clicked","duration":210.63610000000335,"failureMessages":[],"meta":{},"tags":[]}],"startTime":1789917990556,"endTime":1789917991405.636,"status":"passed","message":"","name":"C:/Users/ASUS/Desktop/Swif Shazan/Swift/frontend/src/test/ui/Dialog.test.tsx"},{"assertionResults":[{"ancestorTitles":["Input"],"fullName":"Input accepts typed input","status":"passed","title":"accepts typed input","duration":794.0753999999943,"failureMessages":[],"meta":{},"tags":[]},{"ancestorTitles":["Input"],"fullName":"Input forwards its ref (react-hook-form register compatibility)","status":"passed","title":"forwards its ref (react-hook-form register compatibility)","duration":3.7881999999954132,"failureMessages":[],"meta":{},"tags":[]},{"ancestorTitles":["Input"],"fullName":"Input adds left padding when an icon is passed","status":"passed","title":"adds left padding when an icon is passed","duration":11.36989999999787,"failureMessages":[],"meta":{},"tags":[]}],"startTime":1789918002249,"endTime":1789918003058.3699,"status":"passed","message":"","name":"C:/Users/ASUS/Desktop/Swif Shazan/Swift/frontend/src/test/ui/Input.test.tsx"},{"assertionResults":[{"ancestorTitles":["KpiStat"],"fullName":"KpiStat renders label and value without a delta row","status":"passed","title":"renders label and value without a delta row","duration":62.33199999999488,"failureMessages":[],"meta":{},"tags":[]},{"ancestorTitles":["KpiStat"],"fullName":"KpiStat renders the delta and sublabel with the requested tone","status":"passed","title":"renders the delta and sublabel with the requested tone","duration":5.99649999999383,"failureMessages":[],"meta":{},"tags":[]}],"startTime":1789918036072,"endTime":1789918036140.9966,"status":"passed","message":"","name":"C:/Users/ASUS/Desktop/Swif Shazan/Swift/frontend/src/test/ui/KpiStat.test.tsx"},{"assertionResults":[{"ancestorTitles":["PriorityQueueRow"],"fullName":"PriorityQueueRow renders customer, snippet, category and time","status":"passed","title":"renders customer, snippet, category and time","duration":63.7213000000047,"failureMessages":[],"meta":{},"tags":[]},{"ancestorTitles":["PriorityQueueRow"],"fullName":"PriorityQueueRow maps priority to the matching badge tone","status":"passed","title":"maps priority to the matching badge tone","duration":9.5737999999983,"failureMessages":[],"meta":{},"tags":[]}],"startTime":1789918039690,"endTime":1789918039763.5737,"status":"passed","message":"","name":"C:/Users/ASUS/Desktop/Swif Shazan/Swift/frontend/src/test/ui/PriorityQueueRow.test.tsx"},{"assertionResults":[{"ancestorTitles":["Select"],"fullName":"Select renders a labelled select and reports changes","status":"passed","title":"renders a labelled select and reports changes","duration":505.0599000000002,"failureMessages":[],"meta":{},"tags":[]},{"ancestorTitles":["Select"],"fullName":"Select renders without a wrapping label when none is given","status":"passed","title":"renders without a wrapping label when none is given","duration":55.03830000000016,"failureMessages":[],"meta":{},"tags":[]}],"startTime":1789917971801,"endTime":1789917972361.0383,"status":"passed","message":"","name":"C:/Users/ASUS/Desktop/Swif Shazan/Swift/frontend/src/test/ui/Select.test.tsx"},{"assertionResults":[{"ancestorTitles":["Tabs"],"fullName":"Tabs selects the first item by default","status":"passed","title":"selects the first item by default","duration":959.3822,"failureMessages":[],"meta":{},"tags":[]},{"ancestorTitles":["Tabs"],"fullName":"Tabs switches active tab on click and calls onChange","status":"passed","title":"switches active tab on click and calls onChange","duration":185.04780000000028,"failureMessages":[],"meta":{},"tags":[]}],"startTime":1789918011377,"endTime":1789918012521.0479,"status":"passed","message":"","name":"C:/Users/ASUS/Desktop/Swif Shazan/Swift/frontend/src/test/ui/Tabs.test.tsx"},{"assertionResults":[{"ancestorTitles":["Tooltip"],"fullName":"Tooltip is hidden until hovered","status":"passed","title":"is hidden until hovered","duration":719.2944999999963,"failureMessages":[],"meta":{},"tags":[]}],"startTime":1789917997473,"endTime":1789917998192.2944,"status":"passed","message":"","name":"C:/Users/ASUS/Desktop/Swif Shazan/Swift/frontend/src/test/ui/Tooltip.test.tsx"},{"assertionResults":[{"ancestorTitles":["TopNav"],"fullName":"TopNav renders the logo, nav items and right slot","status":"passed","title":"renders the logo, nav items and right slot","duration":596.1616999999997,"failureMessages":[],"meta":{},"tags":[]},{"ancestorTitles":["TopNav"],"fullName":"TopNav marks the current route's link active","status":"passed","title":"marks the current route's link active","duration":120.07769999999982,"failureMessages":[],"meta":{},"tags":[]}],"startTime":1789917966495,"endTime":1789917967212.0776,"status":"passed","message":"","name":"C:/Users/ASUS/Desktop/Swif Shazan/Swift/frontend/src/test/ui/TopNav.test.tsx"}],"coverageMap":{"C:\\Users\\ASUS\\Desktop\\Swif Shazan\\Swift\\frontend\\src\\app\\providers\\ThemeProvider.tsx":{"path":"C:\\Users\\ASUS\\Desktop\\Swif Shazan\\Swift\\frontend\\src\\app\\providers\\ThemeProvider.tsx","statementMap":{"0":{"start":{"line":10,"column":6},"end":{"line":13,"column":null}},"1":{"start":{"line":16,"column":29},"end":{"line":18,"column":null}},"2":{"start":{"line":17,"column":11},"end":{"line":17,"column":null}},"3":{"start":{"line":19,"column":2},"end":{"line":29,"column":null}},"4":{"start":{"line":20,"column":18},"end":{"line":20,"column":null}},"5":{"start":{"line":21,"column":18},"end":{"line":25,"column":null}},"6":{"start":{"line":22,"column":21},"end":{"line":22,"column":null}},"7":{"start":{"line":23,"column":6},"end":{"line":23,"column":null}},"8":{"start":{"line":24,"column":6},"end":{"line":24,"column":null}},"9":{"start":{"line":26,"column":4},"end":{"line":26,"column":null}},"10":{"start":{"line":27,"column":4},"end":{"line":27,"column":null}},"11":{"start":{"line":28,"column":4},"end":{"line":28,"column":null}},"12":{"start":{"line":28,"column":17},"end":{"line":28,"column":null}},"13":{"start":{"line":30,"column":19},"end":{"line":33,"column":null}},"14":{"start":{"line":31,"column":4},"end":{"line":31,"column":null}},"15":{"start":{"line":32,"column":4},"end":{"line":32,"column":null}},"16":{"start":{"line":34,"column":2},"end":{"line":37,"column":null}},"17":{"start":{"line":42,"column":8},"end":{"line":42,"column":null}},"18":{"start":{"line":43,"column":2},"end":{"line":43,"column":null}},"19":{"start":{"line":43,"column":14},"end":{"line":43,"column":null}},"20":{"start":{"line":44,"column":2},"end":{"line":44,"column":null}}},"fnMap":{"0":{"name":"ThemeProvider","decl":{"start":{"line":15,"column":16},"end":{"line":15,"column":30}},"loc":{"start":{"line":15,"column":69},"end":{"line":39,"column":null}},"line":15},"1":{"name":"(anonymous_1)","decl":{"start":{"line":17,"column":4},"end":{"line":17,"column":11}},"loc":{"start":{"line":17,"column":11},"end":{"line":17,"column":null}},"line":17},"2":{"name":"(anonymous_2)","decl":{"start":{"line":19,"column":12},"end":{"line":19,"column":18}},"loc":{"start":{"line":19,"column":18},"end":{"line":29,"column":5}},"line":19},"3":{"name":"(anonymous_3)","decl":{"start":{"line":21,"column":18},"end":{"line":21,"column":24}},"loc":{"start":{"line":21,"column":24},"end":{"line":25,"column":null}},"line":21},"4":{"name":"(anonymous_4)","decl":{"start":{"line":28,"column":11},"end":{"line":28,"column":17}},"loc":{"start":{"line":28,"column":17},"end":{"line":28,"column":null}},"line":28},"5":{"name":"(anonymous_5)","decl":{"start":{"line":30,"column":19},"end":{"line":30,"column":20}},"loc":{"start":{"line":30,"column":36},"end":{"line":33,"column":null}},"line":30},"6":{"name":"useTheme","decl":{"start":{"line":41,"column":16},"end":{"line":41,"column":27}},"loc":{"start":{"line":41,"column":27},"end":{"line":45,"column":null}},"line":41}},"branchMap":{"0":{"loc":{"start":{"line":17,"column":11},"end":{"line":17,"column":null}},"type":"binary-expr","locations":[{"start":{"line":17,"column":11},"end":{"line":17,"column":60}},{"start":{"line":17,"column":60},"end":{"line":17,"column":null}}],"line":17},"1":{"loc":{"start":{"line":22,"column":21},"end":{"line":22,"column":null}},"type":"binary-expr","locations":[{"start":{"line":22,"column":21},"end":{"line":22,"column":42}},{"start":{"line":22,"column":42},"end":{"line":22,"column":64}},{"start":{"line":22,"column":64},"end":{"line":22,"column":null}}],"line":22},"2":{"loc":{"start":{"line":43,"column":2},"end":{"line":43,"column":null}},"type":"if","locations":[{"start":{"line":43,"column":2},"end":{"line":43,"column":null}},{"start":{},"end":{}}],"line":43}},"s":{"0":3,"1":7,"2":7,"3":7,"4":7,"5":7,"6":7,"7":7,"8":7,"9":7,"10":7,"11":7,"12":7,"13":7,"14":1,"15":1,"16":7,"17":14,"18":14,"19":0,"20":14},"f":{"0":7,"1":7,"2":7,"3":7,"4":7,"5":1,"6":14},"b":{"0":[7,7],"1":[7,7,0],"2":[0,14]},"meta":{"lastBranch":3,"lastFunction":7,"lastStatement":21,"seen":{"s:10:6:13:Infinity":0,"f:15:16:15:30":0,"s:16:29:18:Infinity":1,"f:17:4:17:11":1,"s:17:11:17:Infinity":2,"b:17:11:17:60:17:60:17:Infinity":0,"s:19:2:29:Infinity":3,"f:19:12:19:18":2,"s:20:18:20:Infinity":4,"s:21:18:25:Infinity":5,"f:21:18:21:24":3,"s:22:21:22:Infinity":6,"b:22:21:22:42:22:42:22:64:22:64:22:Infinity":1,"s:23:6:23:Infinity":7,"s:24:6:24:Infinity":8,"s:26:4:26:Infinity":9,"s:27:4:27:Infinity":10,"s:28:4:28:Infinity":11,"f:28:11:28:17":4,"s:28:17:28:Infinity":12,"s:30:19:33:Infinity":13,"f:30:19:30:20":5,"s:31:4:31:Infinity":14,"s:32:4:32:Infinity":15,"s:34:2:37:Infinity":16,"f:41:16:41:27":6,"s:42:8:42:Infinity":17,"b:43:2:43:Infinity:undefined:undefined:undefined:undefined":2,"s:43:2:43:Infinity":18,"s:43:14:43:Infinity":19,"s:44:2:44:Infinity":20},"fnNames":{}}},"C:\\Users\\ASUS\\Desktop\\Swif Shazan\\Swift\\frontend\\src\\app\\providers\\AuthProvider.tsx":{"path":"C:\\Users\\ASUS\\Desktop\\Swif Shazan\\Swift\\frontend\\src\\app\\providers\\AuthProvider.tsx","statementMap":{"0":{"start":{"line":4,"column":6},"end":{"line":15,"column":null}},"1":{"start":{"line":17,"column":19},"end":{"line":26,"column":null}},"2":{"start":{"line":19,"column":6},"end":{"line":20,"column":null}},"3":{"start":{"line":21,"column":4},"end":{"line":25,"column":null}},"4":{"start":{"line":22,"column":6},"end":{"line":22,"column":null}},"5":{"start":{"line":24,"column":6},"end":{"line":24,"column":null}},"6":{"start":{"line":27,"column":22},"end":{"line":27,"column":null}},"7":{"start":{"line":28,"column":32},"end":{"line":28,"column":null}},"8":{"start":{"line":29,"column":2},"end":{"line":45,"column":null}},"9":{"start":{"line":30,"column":4},"end":{"line":30,"column":null}},"10":{"start":{"line":30,"column":21},"end":{"line":30,"column":null}},"11":{"start":{"line":31,"column":17},"end":{"line":31,"column":null}},"12":{"start":{"line":32,"column":4},"end":{"line":43,"column":null}},"13":{"start":{"line":35,"column":8},"end":{"line":35,"column":null}},"14":{"start":{"line":35,"column":20},"end":{"line":35,"column":null}},"15":{"start":{"line":38,"column":8},"end":{"line":38,"column":null}},"16":{"start":{"line":38,"column":21},"end":{"line":38,"column":null}},"17":{"start":{"line":39,"column":8},"end":{"line":39,"column":null}},"18":{"start":{"line":40,"column":8},"end":{"line":40,"column":null}},"19":{"start":{"line":41,"column":8},"end":{"line":41,"column":null}},"20":{"start":{"line":43,"column":21},"end":{"line":43,"column":50}},"21":{"start":{"line":44,"column":4},"end":{"line":44,"column":null}},"22":{"start":{"line":44,"column":19},"end":{"line":44,"column":35}},"23":{"start":{"line":46,"column":16},"end":{"line":61,"column":null}},"24":{"start":{"line":52,"column":17},"end":{"line":52,"column":null}},"25":{"start":{"line":55,"column":30},"end":{"line":55,"column":null}},"26":{"start":{"line":56,"column":25},"end":{"line":56,"column":null}},"27":{"start":{"line":57,"column":4},"end":{"line":57,"column":null}},"28":{"start":{"line":58,"column":4},"end":{"line":58,"column":null}},"29":{"start":{"line":59,"column":4},"end":{"line":59,"column":null}},"30":{"start":{"line":60,"column":4},"end":{"line":60,"column":null}},"31":{"start":{"line":62,"column":17},"end":{"line":67,"column":null}},"32":{"start":{"line":63,"column":4},"end":{"line":63,"column":null}},"33":{"start":{"line":64,"column":4},"end":{"line":64,"column":null}},"34":{"start":{"line":65,"column":4},"end":{"line":65,"column":null}},"35":{"start":{"line":66,"column":4},"end":{"line":66,"column":null}},"36":{"start":{"line":68,"column":19},"end":{"line":72,"column":null}},"37":{"start":{"line":69,"column":17},"end":{"line":69,"column":null}},"38":{"start":{"line":70,"column":4},"end":{"line":70,"column":null}},"39":{"start":{"line":71,"column":4},"end":{"line":71,"column":null}},"40":{"start":{"line":73,"column":2},"end":{"line":76,"column":null}},"41":{"start":{"line":79,"column":23},"end":{"line":83,"column":null}},"42":{"start":{"line":80,"column":8},"end":{"line":80,"column":null}},"43":{"start":{"line":81,"column":2},"end":{"line":81,"column":null}},"44":{"start":{"line":81,"column":14},"end":{"line":81,"column":null}},"45":{"start":{"line":82,"column":2},"end":{"line":82,"column":null}}},"fnMap":{"0":{"name":"AuthProvider","decl":{"start":{"line":16,"column":16},"end":{"line":16,"column":29}},"loc":{"start":{"line":16,"column":68},"end":{"line":78,"column":null}},"line":16},"1":{"name":"(anonymous_1)","decl":{"start":{"line":17,"column":45},"end":{"line":17,"column":51}},"loc":{"start":{"line":17,"column":51},"end":{"line":26,"column":3}},"line":17},"2":{"name":"(anonymous_2)","decl":{"start":{"line":29,"column":12},"end":{"line":29,"column":18}},"loc":{"start":{"line":29,"column":18},"end":{"line":45,"column":5}},"line":29},"3":{"name":"(anonymous_3)","decl":{"start":{"line":34,"column":12},"end":{"line":34,"column":13}},"loc":{"start":{"line":34,"column":26},"end":{"line":36,"column":7}},"line":34},"4":{"name":"(anonymous_4)","decl":{"start":{"line":37,"column":13},"end":{"line":37,"column":19}},"loc":{"start":{"line":37,"column":19},"end":{"line":42,"column":7}},"line":37},"5":{"name":"(anonymous_5)","decl":{"start":{"line":43,"column":15},"end":{"line":43,"column":21}},"loc":{"start":{"line":43,"column":21},"end":{"line":43,"column":50}},"line":43},"6":{"name":"(anonymous_6)","decl":{"start":{"line":44,"column":11},"end":{"line":44,"column":17}},"loc":{"start":{"line":44,"column":17},"end":{"line":44,"column":null}},"line":44},"7":{"name":"(anonymous_7)","decl":{"start":{"line":46,"column":16},"end":{"line":46,"column":null}},"loc":{"start":{"line":51,"column":7},"end":{"line":61,"column":null}},"line":51},"8":{"name":"(anonymous_8)","decl":{"start":{"line":62,"column":17},"end":{"line":62,"column":29}},"loc":{"start":{"line":62,"column":29},"end":{"line":67,"column":null}},"line":62},"9":{"name":"(anonymous_9)","decl":{"start":{"line":68,"column":19},"end":{"line":68,"column":26}},"loc":{"start":{"line":68,"column":175},"end":{"line":72,"column":null}},"line":68},"10":{"name":"(anonymous_10)","decl":{"start":{"line":79,"column":23},"end":{"line":79,"column":29}},"loc":{"start":{"line":79,"column":29},"end":{"line":83,"column":null}},"line":79}},"branchMap":{"0":{"loc":{"start":{"line":19,"column":6},"end":{"line":20,"column":null}},"type":"binary-expr","locations":[{"start":{"line":19,"column":6},"end":{"line":19,"column":null}},{"start":{"line":20,"column":6},"end":{"line":20,"column":null}}],"line":19},"1":{"loc":{"start":{"line":22,"column":13},"end":{"line":22,"column":null}},"type":"cond-expr","locations":[{"start":{"line":22,"column":20},"end":{"line":22,"column":47}},{"start":{"line":22,"column":47},"end":{"line":22,"column":null}}],"line":22},"2":{"loc":{"start":{"line":30,"column":4},"end":{"line":30,"column":null}},"type":"if","locations":[{"start":{"line":30,"column":4},"end":{"line":30,"column":null}},{"start":{},"end":{}}],"line":30},"3":{"loc":{"start":{"line":35,"column":8},"end":{"line":35,"column":null}},"type":"if","locations":[{"start":{"line":35,"column":8},"end":{"line":35,"column":null}},{"start":{},"end":{}}],"line":35},"4":{"loc":{"start":{"line":38,"column":8},"end":{"line":38,"column":null}},"type":"if","locations":[{"start":{"line":38,"column":8},"end":{"line":38,"column":null}},{"start":{},"end":{}}],"line":38},"5":{"loc":{"start":{"line":43,"column":21},"end":{"line":43,"column":50}},"type":"binary-expr","locations":[{"start":{"line":43,"column":21},"end":{"line":43,"column":31}},{"start":{"line":43,"column":31},"end":{"line":43,"column":50}}],"line":43},"6":{"loc":{"start":{"line":50,"column":4},"end":{"line":50,"column":null}},"type":"default-arg","locations":[{"start":{"line":50,"column":15},"end":{"line":50,"column":null}}],"line":50},"7":{"loc":{"start":{"line":55,"column":30},"end":{"line":55,"column":null}},"type":"cond-expr","locations":[{"start":{"line":55,"column":41},"end":{"line":55,"column":56}},{"start":{"line":55,"column":56},"end":{"line":55,"column":null}}],"line":55},"8":{"loc":{"start":{"line":56,"column":25},"end":{"line":56,"column":null}},"type":"cond-expr","locations":[{"start":{"line":56,"column":36},"end":{"line":56,"column":53}},{"start":{"line":56,"column":53},"end":{"line":56,"column":null}}],"line":56},"9":{"loc":{"start":{"line":81,"column":2},"end":{"line":81,"column":null}},"type":"if","locations":[{"start":{"line":81,"column":2},"end":{"line":81,"column":null}},{"start":{},"end":{}}],"line":81}},"s":{"0":1,"1":5,"2":5,"3":5,"4":5,"5":0,"6":5,"7":5,"8":5,"9":5,"10":5,"11":0,"12":0,"13":0,"14":0,"15":0,"16":0,"17":0,"18":0,"19":0,"20":0,"21":0,"22":0,"23":5,"24":0,"25":0,"26":0,"27":0,"28":0,"29":0,"30":0,"31":5,"32":0,"33":0,"34":0,"35":0,"36":5,"37":0,"38":0,"39":0,"40":5,"41":1,"42":13,"43":13,"44":0,"45":13},"f":{"0":5,"1":5,"2":5,"3":0,"4":0,"5":0,"6":0,"7":0,"8":0,"9":0,"10":13},"b":{"0":[5,5],"1":[0,5],"2":[5,0],"3":[0,0],"4":[0,0],"5":[0,0],"6":[0],"7":[0,0],"8":[0,0],"9":[0,13]},"meta":{"lastBranch":10,"lastFunction":11,"lastStatement":46,"seen":{"s:4:6:15:Infinity":0,"f:16:16:16:29":0,"s:17:19:26:Infinity":1,"f:17:45:17:51":1,"s:19:6:20:Infinity":2,"b:19:6:19:Infinity:20:6:20:Infinity":0,"s:21:4:25:Infinity":3,"s:22:6:22:Infinity":4,"b:22:20:22:47:22:47:22:Infinity":1,"s:24:6:24:Infinity":5,"s:27:22:27:Infinity":6,"s:28:32:28:Infinity":7,"s:29:2:45:Infinity":8,"f:29:12:29:18":2,"b:30:4:30:Infinity:undefined:undefined:undefined:undefined":2,"s:30:4:30:Infinity":9,"s:30:21:30:Infinity":10,"s:31:17:31:Infinity":11,"s:32:4:43:Infinity":12,"f:34:12:34:13":3,"b:35:8:35:Infinity:undefined:undefined:undefined:undefined":3,"s:35:8:35:Infinity":13,"s:35:20:35:Infinity":14,"f:37:13:37:19":4,"b:38:8:38:Infinity:undefined:undefined:undefined:undefined":4,"s:38:8:38:Infinity":15,"s:38:21:38:Infinity":16,"s:39:8:39:Infinity":17,"s:40:8:40:Infinity":18,"s:41:8:41:Infinity":19,"f:43:15:43:21":5,"s:43:21:43:50":20,"b:43:21:43:31:43:31:43:50":5,"s:44:4:44:Infinity":21,"f:44:11:44:17":6,"s:44:19:44:35":22,"s:46:16:61:Infinity":23,"f:46:16:46:Infinity":7,"b:50:15:50:Infinity":6,"s:52:17:52:Infinity":24,"s:55:30:55:Infinity":25,"b:55:41:55:56:55:56:55:Infinity":7,"s:56:25:56:Infinity":26,"b:56:36:56:53:56:53:56:Infinity":8,"s:57:4:57:Infinity":27,"s:58:4:58:Infinity":28,"s:59:4:59:Infinity":29,"s:60:4:60:Infinity":30,"s:62:17:67:Infinity":31,"f:62:17:62:29":8,"s:63:4:63:Infinity":32,"s:64:4:64:Infinity":33,"s:65:4:65:Infinity":34,"s:66:4:66:Infinity":35,"s:68:19:72:Infinity":36,"f:68:19:68:26":9,"s:69:17:69:Infinity":37,"s:70:4:70:Infinity":38,"s:71:4:71:Infinity":39,"s:73:2:76:Infinity":40,"s:79:23:83:Infinity":41,"f:79:23:79:29":10,"s:80:8:80:Infinity":42,"b:81:2:81:Infinity:undefined:undefined:undefined:undefined":9,"s:81:2:81:Infinity":43,"s:81:14:81:Infinity":44,"s:82:2:82:Infinity":45},"fnNames":{}}},"C:\\Users\\ASUS\\Desktop\\Swif Shazan\\Swift\\frontend\\src\\components\\auth\\AuthAccountPrompt.tsx":{"path":"C:\\Users\\ASUS\\Desktop\\Swif Shazan\\Swift\\frontend\\src\\components\\auth\\AuthAccountPrompt.tsx","statementMap":{"0":{"start":{"line":11,"column":2},"end":{"line":21,"column":null}},"1":{"start":{"line":12,"column":4},"end":{"line":12,"column":null}},"2":{"start":{"line":12,"column":34},"end":{"line":12,"column":null}},"3":{"start":{"line":13,"column":4},"end":{"line":19,"column":null}},"4":{"start":{"line":23,"column":2},"end":{"line":32,"column":null}}},"fnMap":{"0":{"name":"AuthAccountPrompt","decl":{"start":{"line":4,"column":16},"end":{"line":4,"column":34}},"loc":{"start":{"line":10,"column":3},"end":{"line":34,"column":null}},"line":10}},"branchMap":{"0":{"loc":{"start":{"line":11,"column":2},"end":{"line":21,"column":null}},"type":"if","locations":[{"start":{"line":11,"column":2},"end":{"line":21,"column":null}},{"start":{},"end":{}}],"line":11},"1":{"loc":{"start":{"line":12,"column":4},"end":{"line":12,"column":null}},"type":"if","locations":[{"start":{"line":12,"column":4},"end":{"line":12,"column":null}},{"start":{},"end":{}}],"line":12},"2":{"loc":{"start":{"line":28,"column":12},"end":{"line":28,"column":null}},"type":"cond-expr","locations":[{"start":{"line":28,"column":31},"end":{"line":28,"column":48}},{"start":{"line":28,"column":48},"end":{"line":28,"column":null}}],"line":28}},"s":{"0":12,"1":10,"2":0,"3":10,"4":2},"f":{"0":12},"b":{"0":[10,2],"1":[0,10],"2":[2,0]},"meta":{"lastBranch":3,"lastFunction":1,"lastStatement":5,"seen":{"f:4:16:4:34":0,"b:11:2:21:Infinity:undefined:undefined:undefined:undefined":0,"s:11:2:21:Infinity":0,"b:12:4:12:Infinity:undefined:undefined:undefined:undefined":1,"s:12:4:12:Infinity":1,"s:12:34:12:Infinity":2,"s:13:4:19:Infinity":3,"s:23:2:32:Infinity":4,"b:28:31:28:48:28:48:28:Infinity":2},"fnNames":{}}},"C:\\Users\\ASUS\\Desktop\\Swif Shazan\\Swift\\frontend\\src\\app\\providers\\LanguageProvider.tsx":{"path":"C:\\Users\\ASUS\\Desktop\\Swif Shazan\\Swift\\frontend\\src\\app\\providers\\LanguageProvider.tsx","statementMap":{"0":{"start":{"line":3,"column":15},"end":{"line":25,"column":null}},"1":{"start":{"line":26,"column":80},"end":{"line":87,"column":null}},"2":{"start":{"line":88,"column":6},"end":{"line":93,"column":null}},"3":{"start":{"line":95,"column":27},"end":{"line":97,"column":null}},"4":{"start":{"line":96,"column":11},"end":{"line":96,"column":null}},"5":{"start":{"line":98,"column":22},"end":{"line":101,"column":null}},"6":{"start":{"line":99,"column":4},"end":{"line":99,"column":null}},"7":{"start":{"line":100,"column":4},"end":{"line":100,"column":null}},"8":{"start":{"line":102,"column":2},"end":{"line":104,"column":null}},"9":{"start":{"line":103,"column":4},"end":{"line":103,"column":null}},"10":{"start":{"line":105,"column":13},"end":{"line":105,"column":null}},"11":{"start":{"line":105,"column":31},"end":{"line":105,"column":null}},"12":{"start":{"line":106,"column":2},"end":{"line":111,"column":null}},"13":{"start":{"line":114,"column":27},"end":{"line":119,"column":null}},"14":{"start":{"line":115,"column":8},"end":{"line":115,"column":null}},"15":{"start":{"line":116,"column":2},"end":{"line":117,"column":null}},"16":{"start":{"line":117,"column":4},"end":{"line":117,"column":null}},"17":{"start":{"line":118,"column":2},"end":{"line":118,"column":null}}},"fnMap":{"0":{"name":"LanguageProvider","decl":{"start":{"line":94,"column":16},"end":{"line":94,"column":33}},"loc":{"start":{"line":94,"column":72},"end":{"line":113,"column":null}},"line":94},"1":{"name":"(anonymous_1)","decl":{"start":{"line":96,"column":4},"end":{"line":96,"column":11}},"loc":{"start":{"line":96,"column":11},"end":{"line":96,"column":null}},"line":96},"2":{"name":"(anonymous_2)","decl":{"start":{"line":98,"column":22},"end":{"line":98,"column":23}},"loc":{"start":{"line":98,"column":45},"end":{"line":101,"column":null}},"line":98},"3":{"name":"(anonymous_3)","decl":{"start":{"line":102,"column":12},"end":{"line":102,"column":18}},"loc":{"start":{"line":102,"column":18},"end":{"line":104,"column":5}},"line":102},"4":{"name":"(anonymous_4)","decl":{"start":{"line":105,"column":13},"end":{"line":105,"column":14}},"loc":{"start":{"line":105,"column":31},"end":{"line":105,"column":null}},"line":105},"5":{"name":"(anonymous_5)","decl":{"start":{"line":114,"column":27},"end":{"line":114,"column":33}},"loc":{"start":{"line":114,"column":33},"end":{"line":119,"column":null}},"line":114}},"branchMap":{"0":{"loc":{"start":{"line":96,"column":11},"end":{"line":96,"column":null}},"type":"binary-expr","locations":[{"start":{"line":96,"column":11},"end":{"line":96,"column":68}},{"start":{"line":96,"column":68},"end":{"line":96,"column":null}}],"line":96},"1":{"loc":{"start":{"line":105,"column":31},"end":{"line":105,"column":null}},"type":"cond-expr","locations":[{"start":{"line":105,"column":51},"end":{"line":105,"column":58}},{"start":{"line":105,"column":58},"end":{"line":105,"column":null}}],"line":105},"2":{"loc":{"start":{"line":105,"column":58},"end":{"line":105,"column":null}},"type":"binary-expr","locations":[{"start":{"line":105,"column":58},"end":{"line":105,"column":90}},{"start":{"line":105,"column":90},"end":{"line":105,"column":null}}],"line":105},"3":{"loc":{"start":{"line":116,"column":2},"end":{"line":117,"column":null}},"type":"if","locations":[{"start":{"line":116,"column":2},"end":{"line":117,"column":null}},{"start":{},"end":{}}],"line":116}},"s":{"0":2,"1":2,"2":2,"3":5,"4":5,"5":5,"6":0,"7":0,"8":5,"9":5,"10":5,"11":72,"12":5,"13":2,"14":24,"15":24,"16":0,"17":24},"f":{"0":5,"1":5,"2":0,"3":5,"4":72,"5":24},"b":{"0":[5,5],"1":[72,0],"2":[0,0],"3":[0,24]},"meta":{"lastBranch":4,"lastFunction":6,"lastStatement":18,"seen":{"s:3:15:25:Infinity":0,"s:26:80:87:Infinity":1,"s:88:6:93:Infinity":2,"f:94:16:94:33":0,"s:95:27:97:Infinity":3,"f:96:4:96:11":1,"s:96:11:96:Infinity":4,"b:96:11:96:68:96:68:96:Infinity":0,"s:98:22:101:Infinity":5,"f:98:22:98:23":2,"s:99:4:99:Infinity":6,"s:100:4:100:Infinity":7,"s:102:2:104:Infinity":8,"f:102:12:102:18":3,"s:103:4:103:Infinity":9,"s:105:13:105:Infinity":10,"f:105:13:105:14":4,"s:105:31:105:Infinity":11,"b:105:51:105:58:105:58:105:Infinity":1,"b:105:58:105:90:105:90:105:Infinity":2,"s:106:2:111:Infinity":12,"s:114:27:119:Infinity":13,"f:114:27:114:33":5,"s:115:8:115:Infinity":14,"b:116:2:117:Infinity:undefined:undefined:undefined:undefined":3,"s:116:2:117:Infinity":15,"s:117:4:117:Infinity":16,"s:118:2:118:Infinity":17},"fnNames":{}}},"C:\\Users\\ASUS\\Desktop\\Swif Shazan\\Swift\\frontend\\src\\components\\common\\Controls.tsx":{"path":"C:\\Users\\ASUS\\Desktop\\Swif Shazan\\Swift\\frontend\\src\\components\\common\\Controls.tsx","statementMap":{"0":{"start":{"line":8,"column":2},"end":{"line":12,"column":null}},"1":{"start":{"line":16,"column":26},"end":{"line":16,"column":null}},"2":{"start":{"line":17,"column":47},"end":{"line":21,"column":null}},"3":{"start":{"line":22,"column":2},"end":{"line":35,"column":null}},"4":{"start":{"line":25,"column":8},"end":{"line":33,"column":null}},"5":{"start":{"line":28,"column":25},"end":{"line":28,"column":null}},"6":{"start":{"line":39,"column":36},"end":{"line":39,"column":null}},"7":{"start":{"line":40,"column":2},"end":{"line":52,"column":null}},"8":{"start":{"line":46,"column":25},"end":{"line":46,"column":null}},"9":{"start":{"line":64,"column":13},"end":{"line":64,"column":null}},"10":{"start":{"line":65,"column":2},"end":{"line":79,"column":null}},"11":{"start":{"line":71,"column":25},"end":{"line":71,"column":null}},"12":{"start":{"line":75,"column":31},"end":{"line":75,"column":45}},"13":{"start":{"line":99,"column":8},"end":{"line":99,"column":null}},"14":{"start":{"line":101,"column":2},"end":{"line":107,"column":null}},"15":{"start":{"line":102,"column":4},"end":{"line":102,"column":null}},"16":{"start":{"line":102,"column":15},"end":{"line":102,"column":null}},"17":{"start":{"line":103,"column":22},"end":{"line":104,"column":null}},"18":{"start":{"line":104,"column":6},"end":{"line":104,"column":null}},"19":{"start":{"line":105,"column":4},"end":{"line":105,"column":null}},"20":{"start":{"line":106,"column":4},"end":{"line":106,"column":null}},"21":{"start":{"line":106,"column":17},"end":{"line":106,"column":null}},"22":{"start":{"line":108,"column":2},"end":{"line":108,"column":null}},"23":{"start":{"line":108,"column":13},"end":{"line":108,"column":null}},"24":{"start":{"line":109,"column":2},"end":{"line":139,"column":null}},"25":{"start":{"line":113,"column":26},"end":{"line":113,"column":null}}},"fnMap":{"0":{"name":"Logo","decl":{"start":{"line":7,"column":16},"end":{"line":7,"column":21}},"loc":{"start":{"line":7,"column":65},"end":{"line":14,"column":null}},"line":7},"1":{"name":"ThemeSwitcher","decl":{"start":{"line":15,"column":16},"end":{"line":15,"column":32}},"loc":{"start":{"line":15,"column":32},"end":{"line":37,"column":null}},"line":15},"2":{"name":"(anonymous_2)","decl":{"start":{"line":24,"column":19},"end":{"line":24,"column":20}},"loc":{"start":{"line":25,"column":8},"end":{"line":33,"column":null}},"line":25},"3":{"name":"(anonymous_3)","decl":{"start":{"line":28,"column":19},"end":{"line":28,"column":25}},"loc":{"start":{"line":28,"column":25},"end":{"line":28,"column":null}},"line":28},"4":{"name":"LanguageSelector","decl":{"start":{"line":38,"column":16},"end":{"line":38,"column":35}},"loc":{"start":{"line":38,"column":35},"end":{"line":54,"column":null}},"line":38},"5":{"name":"(anonymous_5)","decl":{"start":{"line":46,"column":18},"end":{"line":46,"column":19}},"loc":{"start":{"line":46,"column":25},"end":{"line":46,"column":null}},"line":46},"6":{"name":"SearchInput","decl":{"start":{"line":55,"column":16},"end":{"line":55,"column":28}},"loc":{"start":{"line":63,"column":3},"end":{"line":81,"column":null}},"line":63},"7":{"name":"(anonymous_7)","decl":{"start":{"line":71,"column":18},"end":{"line":71,"column":19}},"loc":{"start":{"line":71,"column":25},"end":{"line":71,"column":null}},"line":71},"8":{"name":"(anonymous_8)","decl":{"start":{"line":75,"column":25},"end":{"line":75,"column":31}},"loc":{"start":{"line":75,"column":31},"end":{"line":75,"column":45}},"line":75},"9":{"name":"ConfirmationDialog","decl":{"start":{"line":82,"column":16},"end":{"line":82,"column":35}},"loc":{"start":{"line":98,"column":3},"end":{"line":141,"column":null}},"line":98},"10":{"name":"(anonymous_10)","decl":{"start":{"line":101,"column":12},"end":{"line":101,"column":18}},"loc":{"start":{"line":101,"column":18},"end":{"line":107,"column":5}},"line":101},"11":{"name":"(anonymous_11)","decl":{"start":{"line":103,"column":22},"end":{"line":103,"column":23}},"loc":{"start":{"line":104,"column":6},"end":{"line":104,"column":null}},"line":104},"12":{"name":"(anonymous_12)","decl":{"start":{"line":106,"column":11},"end":{"line":106,"column":17}},"loc":{"start":{"line":106,"column":17},"end":{"line":106,"column":null}},"line":106},"13":{"name":"(anonymous_13)","decl":{"start":{"line":113,"column":19},"end":{"line":113,"column":20}},"loc":{"start":{"line":113,"column":26},"end":{"line":113,"column":null}},"line":113}},"branchMap":{"0":{"loc":{"start":{"line":7,"column":23},"end":{"line":7,"column":39}},"type":"default-arg","locations":[{"start":{"line":7,"column":33},"end":{"line":7,"column":39}}],"line":7},"1":{"loc":{"start":{"line":11,"column":7},"end":{"line":11,"column":null}},"type":"binary-expr","locations":[{"start":{"line":11,"column":7},"end":{"line":11,"column":19}},{"start":{"line":11,"column":19},"end":{"line":11,"column":null}}],"line":11},"2":{"loc":{"start":{"line":27,"column":24},"end":{"line":27,"column":51}},"type":"binary-expr","locations":[{"start":{"line":27,"column":24},"end":{"line":27,"column":43}},{"start":{"line":27,"column":43},"end":{"line":27,"column":51}}],"line":27},"3":{"loc":{"start":{"line":58,"column":2},"end":{"line":58,"column":null}},"type":"default-arg","locations":[{"start":{"line":58,"column":16},"end":{"line":58,"column":null}}],"line":58},"4":{"loc":{"start":{"line":74,"column":7},"end":{"line":77,"column":null}},"type":"binary-expr","locations":[{"start":{"line":74,"column":7},"end":{"line":74,"column":null}},{"start":{"line":75,"column":8},"end":{"line":77,"column":null}}],"line":74},"5":{"loc":{"start":{"line":86,"column":2},"end":{"line":86,"column":null}},"type":"default-arg","locations":[{"start":{"line":86,"column":17},"end":{"line":86,"column":null}}],"line":86},"6":{"loc":{"start":{"line":89,"column":2},"end":{"line":89,"column":null}},"type":"default-arg","locations":[{"start":{"line":89,"column":11},"end":{"line":89,"column":null}}],"line":89},"7":{"loc":{"start":{"line":102,"column":4},"end":{"line":102,"column":null}},"type":"if","locations":[{"start":{"line":102,"column":4},"end":{"line":102,"column":null}},{"start":{},"end":{}}],"line":102},"8":{"loc":{"start":{"line":104,"column":6},"end":{"line":104,"column":null}},"type":"binary-expr","locations":[{"start":{"line":104,"column":6},"end":{"line":104,"column":32}},{"start":{"line":104,"column":32},"end":{"line":104,"column":null}}],"line":104},"9":{"loc":{"start":{"line":108,"column":2},"end":{"line":108,"column":null}},"type":"if","locations":[{"start":{"line":108,"column":2},"end":{"line":108,"column":null}},{"start":{},"end":{}}],"line":108},"10":{"loc":{"start":{"line":113,"column":26},"end":{"line":113,"column":null}},"type":"binary-expr","locations":[{"start":{"line":113,"column":26},"end":{"line":113,"column":58}},{"start":{"line":113,"column":58},"end":{"line":113,"column":null}}],"line":113},"11":{"loc":{"start":{"line":132,"column":33},"end":{"line":132,"column":51}},"type":"binary-expr","locations":[{"start":{"line":132,"column":33},"end":{"line":132,"column":43}},{"start":{"line":132,"column":43},"end":{"line":132,"column":51}}],"line":132}},"s":{"0":24,"1":12,"2":12,"3":12,"4":36,"5":0,"6":12,"7":12,"8":0,"9":0,"10":0,"11":0,"12":0,"13":0,"14":0,"15":0,"16":0,"17":0,"18":0,"19":0,"20":0,"21":0,"22":0,"23":0,"24":0,"25":0},"f":{"0":24,"1":12,"2":36,"3":0,"4":12,"5":0,"6":0,"7":0,"8":0,"9":0,"10":0,"11":0,"12":0,"13":0},"b":{"0":[24],"1":[24,24],"2":[36,12],"3":[0],"4":[0,0],"5":[0],"6":[0],"7":[0,0],"8":[0,0],"9":[0,0],"10":[0,0],"11":[0,0]},"meta":{"lastBranch":12,"lastFunction":14,"lastStatement":26,"seen":{"f:7:16:7:21":0,"b:7:33:7:39":0,"s:8:2:12:Infinity":0,"b:11:7:11:19:11:19:11:Infinity":1,"f:15:16:15:32":1,"s:16:26:16:Infinity":1,"s:17:47:21:Infinity":2,"s:22:2:35:Infinity":3,"f:24:19:24:20":2,"s:25:8:33:Infinity":4,"b:27:24:27:43:27:43:27:51":2,"f:28:19:28:25":3,"s:28:25:28:Infinity":5,"f:38:16:38:35":4,"s:39:36:39:Infinity":6,"s:40:2:52:Infinity":7,"f:46:18:46:19":5,"s:46:25:46:Infinity":8,"f:55:16:55:28":6,"b:58:16:58:Infinity":3,"s:64:13:64:Infinity":9,"s:65:2:79:Infinity":10,"f:71:18:71:19":7,"s:71:25:71:Infinity":11,"b:74:7:74:Infinity:75:8:77:Infinity":4,"f:75:25:75:31":8,"s:75:31:75:45":12,"f:82:16:82:35":9,"b:86:17:86:Infinity":5,"b:89:11:89:Infinity":6,"s:99:8:99:Infinity":13,"s:101:2:107:Infinity":14,"f:101:12:101:18":10,"b:102:4:102:Infinity:undefined:undefined:undefined:undefined":7,"s:102:4:102:Infinity":15,"s:102:15:102:Infinity":16,"s:103:22:104:Infinity":17,"f:103:22:103:23":11,"s:104:6:104:Infinity":18,"b:104:6:104:32:104:32:104:Infinity":8,"s:105:4:105:Infinity":19,"s:106:4:106:Infinity":20,"f:106:11:106:17":12,"s:106:17:106:Infinity":21,"b:108:2:108:Infinity:undefined:undefined:undefined:undefined":9,"s:108:2:108:Infinity":22,"s:108:13:108:Infinity":23,"s:109:2:139:Infinity":24,"f:113:19:113:20":13,"s:113:26:113:Infinity":25,"b:113:26:113:58:113:58:113:Infinity":10,"b:132:33:132:43:132:43:132:51":11},"fnNames":{}}},"C:\\Users\\ASUS\\Desktop\\Swif Shazan\\Swift\\frontend\\src\\app\\router\\Routes.tsx":{"path":"C:\\Users\\ASUS\\Desktop\\Swif Shazan\\Swift\\frontend\\src\\app\\router\\Routes.tsx","statementMap":{"0":{"start":{"line":28,"column":20},"end":{"line":33,"column":null}},"1":{"start":{"line":29,"column":2},"end":{"line":33,"column":null}},"2":{"start":{"line":36,"column":26},"end":{"line":36,"column":null}},"3":{"start":{"line":37,"column":8},"end":{"line":37,"column":null}},"4":{"start":{"line":38,"column":2},"end":{"line":39,"column":null}},"5":{"start":{"line":39,"column":4},"end":{"line":39,"column":null}},"6":{"start":{"line":40,"column":2},"end":{"line":46,"column":null}},"7":{"start":{"line":41,"column":4},"end":{"line":46,"column":null}},"8":{"start":{"line":48,"column":2},"end":{"line":49,"column":null}},"9":{"start":{"line":49,"column":4},"end":{"line":49,"column":null}},"10":{"start":{"line":50,"column":2},"end":{"line":50,"column":null}},"11":{"start":{"line":53,"column":2},"end":{"line":107,"column":null}}},"fnMap":{"0":{"name":"(anonymous_0)","decl":{"start":{"line":28,"column":20},"end":{"line":28,"column":21}},"loc":{"start":{"line":29,"column":2},"end":{"line":33,"column":null}},"line":29},"1":{"name":"ProtectedRoute","decl":{"start":{"line":35,"column":9},"end":{"line":35,"column":24}},"loc":{"start":{"line":35,"column":54},"end":{"line":51,"column":null}},"line":35},"2":{"name":"AppRoutes","decl":{"start":{"line":52,"column":16},"end":{"line":52,"column":28}},"loc":{"start":{"line":52,"column":28},"end":{"line":109,"column":null}},"line":52}},"branchMap":{"0":{"loc":{"start":{"line":29,"column":2},"end":{"line":33,"column":null}},"type":"cond-expr","locations":[{"start":{"line":30,"column":6},"end":{"line":30,"column":null}},{"start":{"line":31,"column":6},"end":{"line":33,"column":null}}],"line":29},"1":{"loc":{"start":{"line":31,"column":6},"end":{"line":33,"column":null}},"type":"cond-expr","locations":[{"start":{"line":32,"column":8},"end":{"line":32,"column":null}},{"start":{"line":33,"column":8},"end":{"line":33,"column":null}}],"line":31},"2":{"loc":{"start":{"line":38,"column":2},"end":{"line":39,"column":null}},"type":"if","locations":[{"start":{"line":38,"column":2},"end":{"line":39,"column":null}},{"start":{},"end":{}}],"line":38},"3":{"loc":{"start":{"line":40,"column":2},"end":{"line":46,"column":null}},"type":"if","locations":[{"start":{"line":40,"column":2},"end":{"line":46,"column":null}},{"start":{},"end":{}}],"line":40},"4":{"loc":{"start":{"line":43,"column":12},"end":{"line":43,"column":null}},"type":"cond-expr","locations":[{"start":{"line":43,"column":34},"end":{"line":43,"column":45}},{"start":{"line":43,"column":45},"end":{"line":43,"column":null}}],"line":43},"5":{"loc":{"start":{"line":48,"column":2},"end":{"line":49,"column":null}},"type":"if","locations":[{"start":{"line":48,"column":2},"end":{"line":49,"column":null}},{"start":{},"end":{}}],"line":48}},"s":{"0":1,"1":0,"2":1,"3":1,"4":1,"5":0,"6":1,"7":1,"8":0,"9":0,"10":0,"11":5},"f":{"0":0,"1":1,"2":5},"b":{"0":[0,0],"1":[0,0],"2":[0,1],"3":[1,0],"4":[0,1],"5":[0,0]},"meta":{"lastBranch":6,"lastFunction":3,"lastStatement":12,"seen":{"s:28:20:33:Infinity":0,"f:28:20:28:21":0,"s:29:2:33:Infinity":1,"b:30:6:30:Infinity:31:6:33:Infinity":0,"b:32:8:32:Infinity:33:8:33:Infinity":1,"f:35:9:35:24":1,"s:36:26:36:Infinity":2,"s:37:8:37:Infinity":3,"b:38:2:39:Infinity:undefined:undefined:undefined:undefined":2,"s:38:2:39:Infinity":4,"s:39:4:39:Infinity":5,"b:40:2:46:Infinity:undefined:undefined:undefined:undefined":3,"s:40:2:46:Infinity":6,"s:41:4:46:Infinity":7,"b:43:34:43:45:43:45:43:Infinity":4,"b:48:2:49:Infinity:undefined:undefined:undefined:undefined":5,"s:48:2:49:Infinity":8,"s:49:4:49:Infinity":9,"s:50:2:50:Infinity":10,"f:52:16:52:28":2,"s:53:2:107:Infinity":11},"fnNames":{}}},"C:\\Users\\ASUS\\Desktop\\Swif Shazan\\Swift\\frontend\\src\\components\\tickets\\ImageUploader.tsx":{"path":"C:\\Users\\ASUS\\Desktop\\Swif Shazan\\Swift\\frontend\\src\\components\\tickets\\ImageUploader.tsx","statementMap":{"0":{"start":{"line":4,"column":24},"end":{"line":4,"column":null}},"1":{"start":{"line":5,"column":23},"end":{"line":5,"column":null}},"2":{"start":{"line":10,"column":2},"end":{"line":11,"column":null}},"3":{"start":{"line":11,"column":4},"end":{"line":11,"column":null}},"4":{"start":{"line":12,"column":2},"end":{"line":13,"column":null}},"5":{"start":{"line":13,"column":4},"end":{"line":13,"column":null}},"6":{"start":{"line":14,"column":2},"end":{"line":15,"column":null}},"7":{"start":{"line":15,"column":4},"end":{"line":15,"column":null}},"8":{"start":{"line":16,"column":2},"end":{"line":16,"column":null}},"9":{"start":{"line":26,"column":8},"end":{"line":26,"column":null}},"10":{"start":{"line":27,"column":24},"end":{"line":27,"column":null}},"11":{"start":{"line":28,"column":30},"end":{"line":28,"column":null}},"12":{"start":{"line":29,"column":22},"end":{"line":29,"column":null}},"13":{"start":{"line":30,"column":28},"end":{"line":30,"column":null}},"14":{"start":{"line":33,"column":2},"end":{"line":41,"column":null}},"15":{"start":{"line":34,"column":4},"end":{"line":37,"column":null}},"16":{"start":{"line":35,"column":6},"end":{"line":35,"column":null}},"17":{"start":{"line":36,"column":6},"end":{"line":36,"column":null}},"18":{"start":{"line":38,"column":16},"end":{"line":38,"column":null}},"19":{"start":{"line":39,"column":4},"end":{"line":39,"column":null}},"20":{"start":{"line":40,"column":4},"end":{"line":40,"column":null}},"21":{"start":{"line":40,"column":17},"end":{"line":40,"column":null}},"22":{"start":{"line":44,"column":2},"end":{"line":51,"column":null}},"23":{"start":{"line":45,"column":4},"end":{"line":45,"column":null}},"24":{"start":{"line":45,"column":53},"end":{"line":45,"column":null}},"25":{"start":{"line":46,"column":18},"end":{"line":49,"column":null}},"26":{"start":{"line":47,"column":12},"end":{"line":47,"column":null}},"27":{"start":{"line":47,"column":31},"end":{"line":47,"column":52}},"28":{"start":{"line":50,"column":4},"end":{"line":50,"column":null}},"29":{"start":{"line":50,"column":17},"end":{"line":50,"column":null}},"30":{"start":{"line":53,"column":15},"end":{"line":63,"column":null}},"31":{"start":{"line":54,"column":4},"end":{"line":54,"column":null}},"32":{"start":{"line":54,"column":15},"end":{"line":54,"column":null}},"33":{"start":{"line":55,"column":19},"end":{"line":55,"column":null}},"34":{"start":{"line":56,"column":4},"end":{"line":59,"column":null}},"35":{"start":{"line":57,"column":6},"end":{"line":57,"column":null}},"36":{"start":{"line":58,"column":6},"end":{"line":58,"column":null}},"37":{"start":{"line":60,"column":4},"end":{"line":60,"column":null}},"38":{"start":{"line":61,"column":4},"end":{"line":61,"column":null}},"39":{"start":{"line":62,"column":4},"end":{"line":62,"column":null}},"40":{"start":{"line":65,"column":2},"end":{"line":148,"column":null}},"41":{"start":{"line":70,"column":10},"end":{"line":70,"column":null}},"42":{"start":{"line":71,"column":10},"end":{"line":71,"column":null}},"43":{"start":{"line":73,"column":27},"end":{"line":73,"column":null}},"44":{"start":{"line":75,"column":10},"end":{"line":75,"column":null}},"45":{"start":{"line":76,"column":10},"end":{"line":76,"column":null}},"46":{"start":{"line":77,"column":10},"end":{"line":77,"column":null}},"47":{"start":{"line":85,"column":27},"end":{"line":85,"column":null}},"48":{"start":{"line":95,"column":29},"end":{"line":95,"column":null}},"49":{"start":{"line":118,"column":31},"end":{"line":118,"column":null}},"50":{"start":{"line":127,"column":18},"end":{"line":127,"column":null}},"51":{"start":{"line":128,"column":18},"end":{"line":128,"column":null}}},"fnMap":{"0":{"name":"validateImageFile","decl":{"start":{"line":9,"column":16},"end":{"line":9,"column":34}},"loc":{"start":{"line":9,"column":54},"end":{"line":17,"column":null}},"line":9},"1":{"name":"ImageUploader","decl":{"start":{"line":19,"column":16},"end":{"line":19,"column":30}},"loc":{"start":{"line":25,"column":3},"end":{"line":150,"column":null}},"line":25},"2":{"name":"(anonymous_2)","decl":{"start":{"line":33,"column":12},"end":{"line":33,"column":18}},"loc":{"start":{"line":33,"column":18},"end":{"line":41,"column":5}},"line":33},"3":{"name":"(anonymous_3)","decl":{"start":{"line":40,"column":11},"end":{"line":40,"column":17}},"loc":{"start":{"line":40,"column":17},"end":{"line":40,"column":null}},"line":40},"4":{"name":"(anonymous_4)","decl":{"start":{"line":44,"column":12},"end":{"line":44,"column":18}},"loc":{"start":{"line":44,"column":18},"end":{"line":51,"column":5}},"line":44},"5":{"name":"(anonymous_5)","decl":{"start":{"line":47,"column":6},"end":{"line":47,"column":12}},"loc":{"start":{"line":47,"column":12},"end":{"line":47,"column":null}},"line":47},"6":{"name":"(anonymous_6)","decl":{"start":{"line":47,"column":24},"end":{"line":47,"column":25}},"loc":{"start":{"line":47,"column":31},"end":{"line":47,"column":52}},"line":47},"7":{"name":"(anonymous_7)","decl":{"start":{"line":50,"column":11},"end":{"line":50,"column":17}},"loc":{"start":{"line":50,"column":17},"end":{"line":50,"column":null}},"line":50},"8":{"name":"(anonymous_8)","decl":{"start":{"line":53,"column":15},"end":{"line":53,"column":16}},"loc":{"start":{"line":53,"column":32},"end":{"line":63,"column":null}},"line":53},"9":{"name":"(anonymous_9)","decl":{"start":{"line":69,"column":20},"end":{"line":69,"column":21}},"loc":{"start":{"line":69,"column":27},"end":{"line":72,"column":null}},"line":69},"10":{"name":"(anonymous_10)","decl":{"start":{"line":73,"column":21},"end":{"line":73,"column":27}},"loc":{"start":{"line":73,"column":27},"end":{"line":73,"column":null}},"line":73},"11":{"name":"(anonymous_11)","decl":{"start":{"line":74,"column":16},"end":{"line":74,"column":17}},"loc":{"start":{"line":74,"column":23},"end":{"line":78,"column":null}},"line":74},"12":{"name":"(anonymous_12)","decl":{"start":{"line":85,"column":20},"end":{"line":85,"column":21}},"loc":{"start":{"line":85,"column":27},"end":{"line":85,"column":null}},"line":85},"13":{"name":"(anonymous_13)","decl":{"start":{"line":95,"column":23},"end":{"line":95,"column":29}},"loc":{"start":{"line":95,"column":29},"end":{"line":95,"column":null}},"line":95},"14":{"name":"(anonymous_14)","decl":{"start":{"line":118,"column":25},"end":{"line":118,"column":31}},"loc":{"start":{"line":118,"column":31},"end":{"line":118,"column":null}},"line":118},"15":{"name":"(anonymous_15)","decl":{"start":{"line":126,"column":25},"end":{"line":126,"column":31}},"loc":{"start":{"line":126,"column":31},"end":{"line":129,"column":null}},"line":126}},"branchMap":{"0":{"loc":{"start":{"line":10,"column":2},"end":{"line":11,"column":null}},"type":"if","locations":[{"start":{"line":10,"column":2},"end":{"line":11,"column":null}},{"start":{},"end":{}}],"line":10},"1":{"loc":{"start":{"line":12,"column":2},"end":{"line":13,"column":null}},"type":"if","locations":[{"start":{"line":12,"column":2},"end":{"line":13,"column":null}},{"start":{},"end":{}}],"line":12},"2":{"loc":{"start":{"line":14,"column":2},"end":{"line":15,"column":null}},"type":"if","locations":[{"start":{"line":14,"column":2},"end":{"line":15,"column":null}},{"start":{},"end":{}}],"line":14},"3":{"loc":{"start":{"line":34,"column":4},"end":{"line":37,"column":null}},"type":"if","locations":[{"start":{"line":34,"column":4},"end":{"line":37,"column":null}},{"start":{},"end":{}}],"line":34},"4":{"loc":{"start":{"line":45,"column":4},"end":{"line":45,"column":null}},"type":"if","locations":[{"start":{"line":45,"column":4},"end":{"line":45,"column":null}},{"start":{},"end":{}}],"line":45},"5":{"loc":{"start":{"line":45,"column":8},"end":{"line":45,"column":53}},"type":"binary-expr","locations":[{"start":{"line":45,"column":8},"end":{"line":45,"column":18}},{"start":{"line":45,"column":18},"end":{"line":45,"column":36}},{"start":{"line":45,"column":36},"end":{"line":45,"column":53}}],"line":45},"6":{"loc":{"start":{"line":54,"column":4},"end":{"line":54,"column":null}},"type":"if","locations":[{"start":{"line":54,"column":4},"end":{"line":54,"column":null}},{"start":{},"end":{}}],"line":54},"7":{"loc":{"start":{"line":56,"column":4},"end":{"line":59,"column":null}},"type":"if","locations":[{"start":{"line":56,"column":4},"end":{"line":59,"column":null}},{"start":{},"end":{}}],"line":56},"8":{"loc":{"start":{"line":68,"column":31},"end":{"line":68,"column":49}},"type":"cond-expr","locations":[{"start":{"line":68,"column":38},"end":{"line":68,"column":47}},{"start":{"line":68,"column":47},"end":{"line":68,"column":49}}],"line":68},"9":{"loc":{"start":{"line":87,"column":9},"end":{"line":135,"column":null}},"type":"cond-expr","locations":[{"start":{"line":88,"column":10},"end":{"line":99,"column":null}},{"start":{"line":101,"column":10},"end":{"line":135,"column":null}}],"line":87},"10":{"loc":{"start":{"line":106,"column":15},"end":{"line":111,"column":null}},"type":"cond-expr","locations":[{"start":{"line":107,"column":16},"end":{"line":109,"column":null}},{"start":{"line":111,"column":16},"end":{"line":111,"column":null}}],"line":106},"11":{"loc":{"start":{"line":138,"column":7},"end":{"line":141,"column":null}},"type":"binary-expr","locations":[{"start":{"line":138,"column":7},"end":{"line":138,"column":null}},{"start":{"line":139,"column":8},"end":{"line":141,"column":null}}],"line":138}},"s":{"0":2,"1":2,"2":3,"3":1,"4":2,"5":1,"6":1,"7":0,"8":1,"9":0,"10":0,"11":0,"12":0,"13":0,"14":0,"15":0,"16":0,"17":0,"18":0,"19":0,"20":0,"21":0,"22":0,"23":0,"24":0,"25":0,"26":0,"27":0,"28":0,"29":0,"30":0,"31":0,"32":0,"33":0,"34":0,"35":0,"36":0,"37":0,"38":0,"39":0,"40":0,"41":0,"42":0,"43":0,"44":0,"45":0,"46":0,"47":0,"48":0,"49":0,"50":0,"51":0},"f":{"0":3,"1":0,"2":0,"3":0,"4":0,"5":0,"6":0,"7":0,"8":0,"9":0,"10":0,"11":0,"12":0,"13":0,"14":0,"15":0},"b":{"0":[1,2],"1":[1,1],"2":[0,1],"3":[0,0],"4":[0,0],"5":[0,0,0],"6":[0,0],"7":[0,0],"8":[0,0],"9":[0,0],"10":[0,0],"11":[0,0]},"meta":{"lastBranch":12,"lastFunction":16,"lastStatement":52,"seen":{"s:4:24:4:Infinity":0,"s:5:23:5:Infinity":1,"f:9:16:9:34":0,"b:10:2:11:Infinity:undefined:undefined:undefined:undefined":0,"s:10:2:11:Infinity":2,"s:11:4:11:Infinity":3,"b:12:2:13:Infinity:undefined:undefined:undefined:undefined":1,"s:12:2:13:Infinity":4,"s:13:4:13:Infinity":5,"b:14:2:15:Infinity:undefined:undefined:undefined:undefined":2,"s:14:2:15:Infinity":6,"s:15:4:15:Infinity":7,"s:16:2:16:Infinity":8,"f:19:16:19:30":1,"s:26:8:26:Infinity":9,"s:27:24:27:Infinity":10,"s:28:30:28:Infinity":11,"s:29:22:29:Infinity":12,"s:30:28:30:Infinity":13,"s:33:2:41:Infinity":14,"f:33:12:33:18":2,"b:34:4:37:Infinity:undefined:undefined:undefined:undefined":3,"s:34:4:37:Infinity":15,"s:35:6:35:Infinity":16,"s:36:6:36:Infinity":17,"s:38:16:38:Infinity":18,"s:39:4:39:Infinity":19,"s:40:4:40:Infinity":20,"f:40:11:40:17":3,"s:40:17:40:Infinity":21,"s:44:2:51:Infinity":22,"f:44:12:44:18":4,"b:45:4:45:Infinity:undefined:undefined:undefined:undefined":4,"s:45:4:45:Infinity":23,"b:45:8:45:18:45:18:45:36:45:36:45:53":5,"s:45:53:45:Infinity":24,"s:46:18:49:Infinity":25,"f:47:6:47:12":5,"s:47:12:47:Infinity":26,"f:47:24:47:25":6,"s:47:31:47:52":27,"s:50:4:50:Infinity":28,"f:50:11:50:17":7,"s:50:17:50:Infinity":29,"s:53:15:63:Infinity":30,"f:53:15:53:16":8,"b:54:4:54:Infinity:undefined:undefined:undefined:undefined":6,"s:54:4:54:Infinity":31,"s:54:15:54:Infinity":32,"s:55:19:55:Infinity":33,"b:56:4:59:Infinity:undefined:undefined:undefined:undefined":7,"s:56:4:59:Infinity":34,"s:57:6:57:Infinity":35,"s:58:6:58:Infinity":36,"s:60:4:60:Infinity":37,"s:61:4:61:Infinity":38,"s:62:4:62:Infinity":39,"s:65:2:148:Infinity":40,"b:68:38:68:47:68:47:68:49":8,"f:69:20:69:21":9,"s:70:10:70:Infinity":41,"s:71:10:71:Infinity":42,"f:73:21:73:27":10,"s:73:27:73:Infinity":43,"f:74:16:74:17":11,"s:75:10:75:Infinity":44,"s:76:10:76:Infinity":45,"s:77:10:77:Infinity":46,"f:85:20:85:21":12,"s:85:27:85:Infinity":47,"b:88:10:99:Infinity:101:10:135:Infinity":9,"f:95:23:95:29":13,"s:95:29:95:Infinity":48,"b:107:16:109:Infinity:111:16:111:Infinity":10,"f:118:25:118:31":14,"s:118:31:118:Infinity":49,"f:126:25:126:31":15,"s:127:18:127:Infinity":50,"s:128:18:128:Infinity":51,"b:138:7:138:Infinity:139:8:141:Infinity":11},"fnNames":{}}},"C:\\Users\\ASUS\\Desktop\\Swif Shazan\\Swift\\frontend\\src\\components\\agent\\AgentPanels.tsx":{"path":"C:\\Users\\ASUS\\Desktop\\Swif Shazan\\Swift\\frontend\\src\\components\\agent\\AgentPanels.tsx","statementMap":{"0":{"start":{"line":20,"column":2},"end":{"line":70,"column":null}},"1":{"start":{"line":86,"column":24},"end":{"line":86,"column":null}},"2":{"start":{"line":87,"column":26},"end":{"line":87,"column":null}},"3":{"start":{"line":88,"column":24},"end":{"line":88,"column":null}},"4":{"start":{"line":89,"column":2},"end":{"line":166,"column":null}},"5":{"start":{"line":120,"column":12},"end":{"line":120,"column":null}},"6":{"start":{"line":121,"column":12},"end":{"line":121,"column":null}},"7":{"start":{"line":125,"column":12},"end":{"line":127,"column":null}},"8":{"start":{"line":136,"column":29},"end":{"line":136,"column":null}},"9":{"start":{"line":146,"column":12},"end":{"line":146,"column":null}},"10":{"start":{"line":147,"column":12},"end":{"line":147,"column":null}},"11":{"start":{"line":157,"column":12},"end":{"line":157,"column":null}},"12":{"start":{"line":158,"column":12},"end":{"line":158,"column":null}},"13":{"start":{"line":176,"column":24},"end":{"line":176,"column":null}},"14":{"start":{"line":177,"column":22},"end":{"line":177,"column":null}},"15":{"start":{"line":178,"column":24},"end":{"line":178,"column":null}},"16":{"start":{"line":179,"column":26},"end":{"line":179,"column":null}},"17":{"start":{"line":180,"column":2},"end":{"line":238,"column":null}},"18":{"start":{"line":191,"column":10},"end":{"line":197,"column":null}},"19":{"start":{"line":204,"column":27},"end":{"line":204,"column":null}},"20":{"start":{"line":219,"column":12},"end":{"line":231,"column":null}},"21":{"start":{"line":220,"column":14},"end":{"line":220,"column":null}},"22":{"start":{"line":221,"column":14},"end":{"line":221,"column":null}},"23":{"start":{"line":223,"column":27},"end":{"line":223,"column":null}},"24":{"start":{"line":224,"column":14},"end":{"line":224,"column":null}},"25":{"start":{"line":224,"column":30},"end":{"line":224,"column":42}},"26":{"start":{"line":225,"column":14},"end":{"line":225,"column":null}},"27":{"start":{"line":227,"column":14},"end":{"line":227,"column":null}},"28":{"start":{"line":228,"column":14},"end":{"line":228,"column":null}},"29":{"start":{"line":230,"column":14},"end":{"line":230,"column":null}},"30":{"start":{"line":248,"column":22},"end":{"line":248,"column":null}},"31":{"start":{"line":249,"column":24},"end":{"line":249,"column":null}},"32":{"start":{"line":250,"column":26},"end":{"line":250,"column":null}},"33":{"start":{"line":251,"column":2},"end":{"line":254,"column":null}},"34":{"start":{"line":252,"column":4},"end":{"line":252,"column":null}},"35":{"start":{"line":253,"column":4},"end":{"line":253,"column":null}},"36":{"start":{"line":255,"column":16},"end":{"line":255,"column":null}},"37":{"start":{"line":256,"column":2},"end":{"line":372,"column":null}},"38":{"start":{"line":287,"column":12},"end":{"line":289,"column":null}},"39":{"start":{"line":297,"column":25},"end":{"line":297,"column":null}},"40":{"start":{"line":302,"column":59},"end":{"line":302,"column":null}},"41":{"start":{"line":312,"column":27},"end":{"line":312,"column":null}},"42":{"start":{"line":328,"column":25},"end":{"line":328,"column":null}},"43":{"start":{"line":335,"column":25},"end":{"line":335,"column":null}},"44":{"start":{"line":342,"column":25},"end":{"line":342,"column":null}},"45":{"start":{"line":353,"column":24},"end":{"line":353,"column":null}},"46":{"start":{"line":355,"column":10},"end":{"line":355,"column":null}},"47":{"start":{"line":356,"column":10},"end":{"line":356,"column":null}},"48":{"start":{"line":357,"column":10},"end":{"line":357,"column":null}},"49":{"start":{"line":366,"column":24},"end":{"line":366,"column":null}},"50":{"start":{"line":368,"column":10},"end":{"line":368,"column":null}},"51":{"start":{"line":369,"column":10},"end":{"line":369,"column":null}}},"fnMap":{"0":{"name":"ImageEvidencePanel","decl":{"start":{"line":19,"column":16},"end":{"line":19,"column":35}},"loc":{"start":{"line":19,"column":67},"end":{"line":72,"column":null}},"line":19},"1":{"name":"PredictionCard","decl":{"start":{"line":73,"column":16},"end":{"line":73,"column":31}},"loc":{"start":{"line":85,"column":3},"end":{"line":168,"column":null}},"line":85},"2":{"name":"(anonymous_2)","decl":{"start":{"line":119,"column":20},"end":{"line":119,"column":21}},"loc":{"start":{"line":119,"column":27},"end":{"line":122,"column":null}},"line":119},"3":{"name":"(anonymous_3)","decl":{"start":{"line":124,"column":23},"end":{"line":124,"column":24}},"loc":{"start":{"line":125,"column":12},"end":{"line":127,"column":null}},"line":125},"4":{"name":"(anonymous_4)","decl":{"start":{"line":136,"column":22},"end":{"line":136,"column":23}},"loc":{"start":{"line":136,"column":29},"end":{"line":136,"column":null}},"line":136},"5":{"name":"(anonymous_5)","decl":{"start":{"line":145,"column":19},"end":{"line":145,"column":25}},"loc":{"start":{"line":145,"column":25},"end":{"line":148,"column":null}},"line":145},"6":{"name":"(anonymous_6)","decl":{"start":{"line":156,"column":19},"end":{"line":156,"column":25}},"loc":{"start":{"line":156,"column":25},"end":{"line":159,"column":null}},"line":156},"7":{"name":"InternalNotes","decl":{"start":{"line":169,"column":16},"end":{"line":169,"column":30}},"loc":{"start":{"line":175,"column":3},"end":{"line":240,"column":null}},"line":175},"8":{"name":"(anonymous_8)","decl":{"start":{"line":190,"column":19},"end":{"line":190,"column":20}},"loc":{"start":{"line":191,"column":10},"end":{"line":197,"column":null}},"line":191},"9":{"name":"(anonymous_9)","decl":{"start":{"line":204,"column":20},"end":{"line":204,"column":21}},"loc":{"start":{"line":204,"column":27},"end":{"line":204,"column":null}},"line":204},"10":{"name":"(anonymous_10)","decl":{"start":{"line":218,"column":19},"end":{"line":218,"column":31}},"loc":{"start":{"line":218,"column":31},"end":{"line":232,"column":null}},"line":218},"11":{"name":"(anonymous_11)","decl":{"start":{"line":224,"column":23},"end":{"line":224,"column":24}},"loc":{"start":{"line":224,"column":30},"end":{"line":224,"column":42}},"line":224},"12":{"name":"ResponseEditor","decl":{"start":{"line":241,"column":16},"end":{"line":241,"column":31}},"loc":{"start":{"line":247,"column":3},"end":{"line":374,"column":null}},"line":247},"13":{"name":"(anonymous_13)","decl":{"start":{"line":251,"column":12},"end":{"line":251,"column":18}},"loc":{"start":{"line":251,"column":18},"end":{"line":254,"column":5}},"line":251},"14":{"name":"(anonymous_14)","decl":{"start":{"line":286,"column":19},"end":{"line":286,"column":null}},"loc":{"start":{"line":287,"column":12},"end":{"line":289,"column":null}},"line":287},"15":{"name":"(anonymous_15)","decl":{"start":{"line":297,"column":19},"end":{"line":297,"column":25}},"loc":{"start":{"line":297,"column":25},"end":{"line":297,"column":null}},"line":297},"16":{"name":"(anonymous_16)","decl":{"start":{"line":302,"column":53},"end":{"line":302,"column":59}},"loc":{"start":{"line":302,"column":59},"end":{"line":302,"column":null}},"line":302},"17":{"name":"(anonymous_17)","decl":{"start":{"line":312,"column":20},"end":{"line":312,"column":21}},"loc":{"start":{"line":312,"column":27},"end":{"line":312,"column":null}},"line":312},"18":{"name":"(anonymous_18)","decl":{"start":{"line":328,"column":19},"end":{"line":328,"column":25}},"loc":{"start":{"line":328,"column":25},"end":{"line":328,"column":null}},"line":328},"19":{"name":"(anonymous_19)","decl":{"start":{"line":335,"column":19},"end":{"line":335,"column":25}},"loc":{"start":{"line":335,"column":25},"end":{"line":335,"column":null}},"line":335},"20":{"name":"(anonymous_20)","decl":{"start":{"line":342,"column":19},"end":{"line":342,"column":25}},"loc":{"start":{"line":342,"column":25},"end":{"line":342,"column":null}},"line":342},"21":{"name":"(anonymous_21)","decl":{"start":{"line":353,"column":18},"end":{"line":353,"column":24}},"loc":{"start":{"line":353,"column":24},"end":{"line":353,"column":null}},"line":353},"22":{"name":"(anonymous_22)","decl":{"start":{"line":354,"column":19},"end":{"line":354,"column":25}},"loc":{"start":{"line":354,"column":25},"end":{"line":358,"column":null}},"line":354},"23":{"name":"(anonymous_23)","decl":{"start":{"line":366,"column":18},"end":{"line":366,"column":24}},"loc":{"start":{"line":366,"column":24},"end":{"line":366,"column":null}},"line":366},"24":{"name":"(anonymous_24)","decl":{"start":{"line":367,"column":19},"end":{"line":367,"column":25}},"loc":{"start":{"line":367,"column":25},"end":{"line":370,"column":null}},"line":367}},"branchMap":{"0":{"loc":{"start":{"line":32,"column":7},"end":{"line":63,"column":null}},"type":"cond-expr","locations":[{"start":{"line":33,"column":8},"end":{"line":59,"column":null}},{"start":{"line":61,"column":8},"end":{"line":63,"column":null}}],"line":32},"1":{"loc":{"start":{"line":39,"column":11},"end":{"line":57,"column":null}},"type":"cond-expr","locations":[{"start":{"line":40,"column":12},"end":{"line":48,"column":null}},{"start":{"line":50,"column":12},"end":{"line":57,"column":null}}],"line":39},"2":{"loc":{"start":{"line":43,"column":17},"end":{"line":44,"column":null}},"type":"binary-expr","locations":[{"start":{"line":43,"column":17},"end":{"line":43,"column":null}},{"start":{"line":44,"column":18},"end":{"line":44,"column":null}}],"line":43},"3":{"loc":{"start":{"line":100,"column":7},"end":{"line":107,"column":null}},"type":"binary-expr","locations":[{"start":{"line":100,"column":7},"end":{"line":100,"column":null}},{"start":{"line":101,"column":8},"end":{"line":107,"column":null}}],"line":100},"4":{"loc":{"start":{"line":131,"column":7},"end":{"line":140,"column":null}},"type":"binary-expr","locations":[{"start":{"line":131,"column":7},"end":{"line":131,"column":null}},{"start":{"line":132,"column":8},"end":{"line":140,"column":null}}],"line":131},"5":{"loc":{"start":{"line":155,"column":20},"end":{"line":155,"column":null}},"type":"binary-expr","locations":[{"start":{"line":155,"column":20},"end":{"line":155,"column":50}},{"start":{"line":155,"column":50},"end":{"line":155,"column":null}}],"line":155},"6":{"loc":{"start":{"line":164,"column":9},"end":{"line":164,"column":null}},"type":"binary-expr","locations":[{"start":{"line":164,"column":9},"end":{"line":164,"column":18}},{"start":{"line":164,"column":18},"end":{"line":164,"column":null}}],"line":164},"7":{"loc":{"start":{"line":209,"column":7},"end":{"line":212,"column":null}},"type":"binary-expr","locations":[{"start":{"line":209,"column":7},"end":{"line":209,"column":null}},{"start":{"line":210,"column":8},"end":{"line":212,"column":null}}],"line":209},"8":{"loc":{"start":{"line":217,"column":20},"end":{"line":217,"column":null}},"type":"binary-expr","locations":[{"start":{"line":217,"column":20},"end":{"line":217,"column":36}},{"start":{"line":217,"column":36},"end":{"line":217,"column":null}}],"line":217},"9":{"loc":{"start":{"line":234,"column":11},"end":{"line":234,"column":null}},"type":"binary-expr","locations":[{"start":{"line":234,"column":11},"end":{"line":234,"column":21}},{"start":{"line":234,"column":21},"end":{"line":234,"column":null}}],"line":234},"10":{"loc":{"start":{"line":235,"column":11},"end":{"line":235,"column":null}},"type":"cond-expr","locations":[{"start":{"line":235,"column":20},"end":{"line":235,"column":37}},{"start":{"line":235,"column":37},"end":{"line":235,"column":null}}],"line":235},"11":{"loc":{"start":{"line":317,"column":26},"end":{"line":317,"column":null}},"type":"cond-expr","locations":[{"start":{"line":317,"column":34},"end":{"line":317,"column":51}},{"start":{"line":317,"column":51},"end":{"line":317,"column":null}}],"line":317},"12":{"loc":{"start":{"line":318,"column":11},"end":{"line":320,"column":null}},"type":"cond-expr","locations":[{"start":{"line":319,"column":14},"end":{"line":319,"column":null}},{"start":{"line":320,"column":14},"end":{"line":320,"column":null}}],"line":318}},"s":{"0":0,"1":0,"2":0,"3":0,"4":0,"5":0,"6":0,"7":0,"8":0,"9":0,"10":0,"11":0,"12":0,"13":0,"14":0,"15":0,"16":0,"17":0,"18":0,"19":0,"20":0,"21":0,"22":0,"23":0,"24":0,"25":0,"26":0,"27":0,"28":0,"29":0,"30":0,"31":0,"32":0,"33":0,"34":0,"35":0,"36":0,"37":0,"38":0,"39":0,"40":0,"41":0,"42":0,"43":0,"44":0,"45":0,"46":0,"47":0,"48":0,"49":0,"50":0,"51":0},"f":{"0":0,"1":0,"2":0,"3":0,"4":0,"5":0,"6":0,"7":0,"8":0,"9":0,"10":0,"11":0,"12":0,"13":0,"14":0,"15":0,"16":0,"17":0,"18":0,"19":0,"20":0,"21":0,"22":0,"23":0,"24":0},"b":{"0":[0,0],"1":[0,0],"2":[0,0],"3":[0,0],"4":[0,0],"5":[0,0],"6":[0,0],"7":[0,0],"8":[0,0],"9":[0,0],"10":[0,0],"11":[0,0],"12":[0,0]},"meta":{"lastBranch":13,"lastFunction":25,"lastStatement":52,"seen":{"f:19:16:19:35":0,"s:20:2:70:Infinity":0,"b:33:8:59:Infinity:61:8:63:Infinity":0,"b:40:12:48:Infinity:50:12:57:Infinity":1,"b:43:17:43:Infinity:44:18:44:Infinity":2,"f:73:16:73:31":1,"s:86:24:86:Infinity":1,"s:87:26:87:Infinity":2,"s:88:24:88:Infinity":3,"s:89:2:166:Infinity":4,"b:100:7:100:Infinity:101:8:107:Infinity":3,"f:119:20:119:21":2,"s:120:12:120:Infinity":5,"s:121:12:121:Infinity":6,"f:124:23:124:24":3,"s:125:12:127:Infinity":7,"b:131:7:131:Infinity:132:8:140:Infinity":4,"f:136:22:136:23":4,"s:136:29:136:Infinity":8,"f:145:19:145:25":5,"s:146:12:146:Infinity":9,"s:147:12:147:Infinity":10,"b:155:20:155:50:155:50:155:Infinity":5,"f:156:19:156:25":6,"s:157:12:157:Infinity":11,"s:158:12:158:Infinity":12,"b:164:9:164:18:164:18:164:Infinity":6,"f:169:16:169:30":7,"s:176:24:176:Infinity":13,"s:177:22:177:Infinity":14,"s:178:24:178:Infinity":15,"s:179:26:179:Infinity":16,"s:180:2:238:Infinity":17,"f:190:19:190:20":8,"s:191:10:197:Infinity":18,"f:204:20:204:21":9,"s:204:27:204:Infinity":19,"b:209:7:209:Infinity:210:8:212:Infinity":7,"b:217:20:217:36:217:36:217:Infinity":8,"f:218:19:218:31":10,"s:219:12:231:Infinity":20,"s:220:14:220:Infinity":21,"s:221:14:221:Infinity":22,"s:223:27:223:Infinity":23,"s:224:14:224:Infinity":24,"f:224:23:224:24":11,"s:224:30:224:42":25,"s:225:14:225:Infinity":26,"s:227:14:227:Infinity":27,"s:228:14:228:Infinity":28,"s:230:14:230:Infinity":29,"b:234:11:234:21:234:21:234:Infinity":9,"b:235:20:235:37:235:37:235:Infinity":10,"f:241:16:241:31":12,"s:248:22:248:Infinity":30,"s:249:24:249:Infinity":31,"s:250:26:250:Infinity":32,"s:251:2:254:Infinity":33,"f:251:12:251:18":13,"s:252:4:252:Infinity":34,"s:253:4:253:Infinity":35,"s:255:16:255:Infinity":36,"s:256:2:372:Infinity":37,"f:286:19:286:Infinity":14,"s:287:12:289:Infinity":38,"f:297:19:297:25":15,"s:297:25:297:Infinity":39,"f:302:53:302:59":16,"s:302:59:302:Infinity":40,"f:312:20:312:21":17,"s:312:27:312:Infinity":41,"b:317:34:317:51:317:51:317:Infinity":11,"b:319:14:319:Infinity:320:14:320:Infinity":12,"f:328:19:328:25":18,"s:328:25:328:Infinity":42,"f:335:19:335:25":19,"s:335:25:335:Infinity":43,"f:342:19:342:25":20,"s:342:25:342:Infinity":44,"f:353:18:353:24":21,"s:353:24:353:Infinity":45,"f:354:19:354:25":22,"s:355:10:355:Infinity":46,"s:356:10:356:Infinity":47,"s:357:10:357:Infinity":48,"f:366:18:366:24":23,"s:366:24:366:Infinity":49,"f:367:19:367:25":24,"s:368:10:368:Infinity":50,"s:369:10:369:Infinity":51},"fnNames":{}}},"C:\\Users\\ASUS\\Desktop\\Swif Shazan\\Swift\\frontend\\src\\components\\layout\\Layouts.tsx":{"path":"C:\\Users\\ASUS\\Desktop\\Swif Shazan\\Swift\\frontend\\src\\components\\layout\\Layouts.tsx","statementMap":{"0":{"start":{"line":35,"column":23},"end":{"line":35,"column":null}},"1":{"start":{"line":36,"column":8},"end":{"line":36,"column":null}},"2":{"start":{"line":37,"column":22},"end":{"line":37,"column":null}},"3":{"start":{"line":38,"column":13},"end":{"line":38,"column":null}},"4":{"start":{"line":39,"column":8},"end":{"line":39,"column":null}},"5":{"start":{"line":41,"column":2},"end":{"line":55,"column":null}},"6":{"start":{"line":42,"column":4},"end":{"line":42,"column":null}},"7":{"start":{"line":42,"column":15},"end":{"line":42,"column":null}},"8":{"start":{"line":43,"column":26},"end":{"line":45,"column":null}},"9":{"start":{"line":44,"column":6},"end":{"line":44,"column":null}},"10":{"start":{"line":44,"column":62},"end":{"line":44,"column":null}},"11":{"start":{"line":46,"column":22},"end":{"line":48,"column":null}},"12":{"start":{"line":47,"column":6},"end":{"line":47,"column":null}},"13":{"start":{"line":47,"column":34},"end":{"line":47,"column":null}},"14":{"start":{"line":49,"column":4},"end":{"line":49,"column":null}},"15":{"start":{"line":50,"column":4},"end":{"line":50,"column":null}},"16":{"start":{"line":51,"column":4},"end":{"line":54,"column":null}},"17":{"start":{"line":52,"column":6},"end":{"line":52,"column":null}},"18":{"start":{"line":53,"column":6},"end":{"line":53,"column":null}},"19":{"start":{"line":56,"column":2},"end":{"line":89,"column":null}},"20":{"start":{"line":60,"column":23},"end":{"line":60,"column":null}},"21":{"start":{"line":81,"column":14},"end":{"line":81,"column":null}},"22":{"start":{"line":82,"column":14},"end":{"line":82,"column":null}},"23":{"start":{"line":93,"column":13},"end":{"line":93,"column":null}},"24":{"start":{"line":94,"column":2},"end":{"line":119,"column":null}},"25":{"start":{"line":127,"column":5},"end":{"line":144,"column":null}},"26":{"start":{"line":158,"column":2},"end":{"line":174,"column":null}},"27":{"start":{"line":162,"column":29},"end":{"line":168,"column":null}},"28":{"start":{"line":178,"column":13},"end":{"line":178,"column":null}},"29":{"start":{"line":179,"column":28},"end":{"line":179,"column":null}},"30":{"start":{"line":180,"column":28},"end":{"line":180,"column":null}},"31":{"start":{"line":182,"column":2},"end":{"line":191,"column":null}},"32":{"start":{"line":183,"column":17},"end":{"line":183,"column":null}},"33":{"start":{"line":184,"column":4},"end":{"line":187,"column":null}},"34":{"start":{"line":186,"column":22},"end":{"line":186,"column":48}},"35":{"start":{"line":187,"column":24},"end":{"line":187,"column":69}},"36":{"start":{"line":188,"column":
[...]
mn":18}},"loc":{"start":{"line":286,"column":22},"end":{"line":288,"column":null}},"line":286},"17":{"name":"getAdjacentTicketIds","decl":{"start":{"line":289,"column":8},"end":{"line":289,"column":29}},"loc":{"start":{"line":289,"column":59},"end":{"line":293,"column":null}},"line":289},"18":{"name":"(anonymous_18)","decl":{"start":{"line":291,"column":36},"end":{"line":291,"column":37}},"loc":{"start":{"line":291,"column":43},"end":{"line":291,"column":54}},"line":291},"19":{"name":"updateTicket","decl":{"start":{"line":294,"column":8},"end":{"line":294,"column":21}},"loc":{"start":{"line":294,"column":32},"end":{"line":310,"column":null}},"line":294},"20":{"name":"addInternalNote","decl":{"start":{"line":311,"column":8},"end":{"line":311,"column":24}},"loc":{"start":{"line":311,"column":57},"end":{"line":322,"column":null}},"line":311},"21":{"name":"getDashboardMetrics","decl":{"start":{"line":323,"column":8},"end":{"line":323,"column":30}},"loc":{"start":{"line":323,"column":30},"end":{"line":342,"column":null}},"line":323},"22":{"name":"(anonymous_22)","decl":{"start":{"line":325,"column":22},"end":{"line":325,"column":23}},"loc":{"start":{"line":326,"column":7},"end":{"line":326,"column":null}},"line":326},"23":{"name":"getAdminDashboard","decl":{"start":{"line":343,"column":8},"end":{"line":343,"column":28}},"loc":{"start":{"line":343,"column":28},"end":{"line":364,"column":null}},"line":343},"24":{"name":"(anonymous_24)","decl":{"start":{"line":354,"column":8},"end":{"line":354,"column":9}},"loc":{"start":{"line":354,"column":19},"end":{"line":361,"column":null}},"line":354},"25":{"name":"getAdminUsers","decl":{"start":{"line":365,"column":8},"end":{"line":365,"column":24}},"loc":{"start":{"line":365,"column":24},"end":{"line":377,"column":null}},"line":365},"26":{"name":"(anonymous_26)","decl":{"start":{"line":369,"column":23},"end":{"line":369,"column":24}},"loc":{"start":{"line":369,"column":31},"end":{"line":376,"column":6}},"line":369},"27":{"name":"updateAdminUser","decl":{"start":{"line":378,"column":8},"end":{"line":378,"column":24}},"loc":{"start":{"line":378,"column":35},"end":{"line":391,"column":null}},"line":378},"28":{"name":"getAdminQueues","decl":{"start":{"line":392,"column":8},"end":{"line":392,"column":25}},"loc":{"start":{"line":392,"column":25},"end":{"line":401,"column":null}},"line":392},"29":{"name":"(anonymous_29)","decl":{"start":{"line":394,"column":17},"end":{"line":394,"column":18}},"loc":{"start":{"line":394,"column":25},"end":{"line":400,"column":6}},"line":394},"30":{"name":"createAdminQueue","decl":{"start":{"line":402,"column":8},"end":{"line":402,"column":25}},"loc":{"start":{"line":402,"column":32},"end":{"line":414,"column":null}},"line":402},"31":{"name":"updateAdminQueue","decl":{"start":{"line":415,"column":8},"end":{"line":415,"column":25}},"loc":{"start":{"line":415,"column":36},"end":{"line":427,"column":null}},"line":415},"32":{"name":"getAdminAudit","decl":{"start":{"line":428,"column":8},"end":{"line":428,"column":24}},"loc":{"start":{"line":428,"column":24},"end":{"line":444,"column":null}},"line":428},"33":{"name":"(anonymous_33)","decl":{"start":{"line":433,"column":6},"end":{"line":433,"column":7}},"loc":{"start":{"line":434,"column":9},"end":{"line":442,"column":null}},"line":434},"34":{"name":"getAdminSettings","decl":{"start":{"line":445,"column":8},"end":{"line":445,"column":27}},"loc":{"start":{"line":445,"column":27},"end":{"line":457,"column":null}},"line":445},"35":{"name":"(anonymous_35)","decl":{"start":{"line":448,"column":6},"end":{"line":448,"column":7}},"loc":{"start":{"line":449,"column":9},"end":{"line":455,"column":null}},"line":449},"36":{"name":"updateAdminSettings","decl":{"start":{"line":458,"column":8},"end":{"line":458,"column":28}},"loc":{"start":{"line":458,"column":36},"end":{"line":463,"column":null}},"line":458},"37":{"name":"getCustomerTicketAssistance","decl":{"start":{"line":464,"column":8},"end":{"line":464,"column":36}},"loc":{"start":{"line":464,"column":55},"end":{"line":497,"column":null}},"line":464},"38":{"name":"(anonymous_38)","decl":{"start":{"line":480,"column":12},"end":{"line":480,"column":13}},"loc":{"start":{"line":480,"column":27},"end":{"line":489,"column":8}},"line":480}},"branchMap":{"0":{"loc":{"start":{"line":74,"column":2},"end":{"line":74,"column":null}},"type":"default-arg","locations":[{"start":{"line":74,"column":22},"end":{"line":74,"column":null}}],"line":74},"1":{"loc":{"start":{"line":75,"column":2},"end":{"line":75,"column":null}},"type":"default-arg","locations":[{"start":{"line":75,"column":10},"end":{"line":75,"column":null}}],"line":75},"2":{"loc":{"start":{"line":78,"column":2},"end":{"line":79,"column":null}},"type":"if","locations":[{"start":{"line":78,"column":2},"end":{"line":79,"column":null}},{"start":{},"end":{}}],"line":78},"3":{"loc":{"start":{"line":80,"column":2},"end":{"line":80,"column":null}},"type":"if","locations":[{"start":{"line":80,"column":2},"end":{"line":80,"column":null}},{"start":{},"end":{}}],"line":80},"4":{"loc":{"start":{"line":86,"column":2},"end":{"line":106,"column":null}},"type":"if","locations":[{"start":{"line":86,"column":2},"end":{"line":106,"column":null}},{"start":{},"end":{}}],"line":86},"5":{"loc":{"start":{"line":86,"column":6},"end":{"line":86,"column":40}},"type":"binary-expr","locations":[{"start":{"line":86,"column":6},"end":{"line":86,"column":33}},{"start":{"line":86,"column":33},"end":{"line":86,"column":40}}],"line":86},"6":{"loc":{"start":{"line":92,"column":8},"end":{"line":92,"column":null}},"type":"if","locations":[{"start":{"line":92,"column":8},"end":{"line":92,"column":null}},{"start":{},"end":{}}],"line":92},"7":{"loc":{"start":{"line":107,"column":2},"end":{"line":115,"column":null}},"type":"if","locations":[{"start":{"line":107,"column":2},"end":{"line":115,"column":null}},{"start":{},"end":{}}],"line":107},"8":{"loc":{"start":{"line":113,"column":6},"end":{"line":113,"column":null}},"type":"binary-expr","locations":[{"start":{"line":113,"column":6},"end":{"line":113,"column":23}},{"start":{"line":113,"column":23},"end":{"line":113,"column":41}},{"start":{"line":113,"column":41},"end":{"line":113,"column":null}}],"line":113},"9":{"loc":{"start":{"line":116,"column":9},"end":{"line":118,"column":null}},"type":"cond-expr","locations":[{"start":{"line":117,"column":7},"end":{"line":117,"column":null}},{"start":{"line":118,"column":7},"end":{"line":118,"column":null}}],"line":116},"10":{"loc":{"start":{"line":131,"column":4},"end":{"line":133,"column":null}},"type":"binary-expr","locations":[{"start":{"line":131,"column":4},"end":{"line":133,"column":64}},{"start":{"line":133,"column":64},"end":{"line":133,"column":null}}],"line":131},"11":{"loc":{"start":{"line":142,"column":15},"end":{"line":144,"column":null}},"type":"cond-expr","locations":[{"start":{"line":143,"column":8},"end":{"line":143,"column":null}},{"start":{"line":144,"column":8},"end":{"line":144,"column":null}}],"line":142},"12":{"loc":{"start":{"line":153,"column":16},"end":{"line":161,"column":null}},"type":"cond-expr","locations":[{"start":{"line":154,"column":8},"end":{"line":160,"column":null}},{"start":{"line":161,"column":8},"end":{"line":161,"column":null}}],"line":153},"13":{"loc":{"start":{"line":162,"column":19},"end":{"line":166,"column":null}},"type":"cond-expr","locations":[{"start":{"line":163,"column":8},"end":{"line":163,"column":null}},{"start":{"line":164,"column":8},"end":{"line":166,"column":null}}],"line":162},"14":{"loc":{"start":{"line":164,"column":8},"end":{"line":166,"column":null}},"type":"cond-expr","locations":[{"start":{"line":165,"column":10},"end":{"line":165,"column":null}},{"start":{"line":166,"column":10},"end":{"line":166,"column":null}}],"line":164},"15":{"loc":{"start":{"line":176,"column":12},"end":{"line":176,"column":null}},"type":"binary-expr","locations":[{"start":{"line":176,"column":12},"end":{"line":176,"column":27}},{"start":{"line":176,"column":27},"end":{"line":176,"column":null}}],"line":176},"16":{"loc":{"start":{"line":178,"column":17},"end":{"line":178,"column":null}},"type":"binary-expr","locations":[{"start":{"line":178,"column":17},"end":{"line":178,"column":38}},{"start":{"line":178,"column":38},"end":{"line":178,"column":null}}],"line":178},"17":{"loc":{"start":{"line":180,"column":8},"end":{"line":184,"column":null}},"type":"cond-expr","locations":[{"start":{"line":181,"column":12},"end":{"line":181,"column":null}},{"start":{"line":182,"column":12},"end":{"line":184,"column":null}}],"line":180},"18":{"loc":{"start":{"line":182,"column":12},"end":{"line":184,"column":null}},"type":"cond-expr","locations":[{"start":{"line":183,"column":14},"end":{"line":183,"column":null}},{"start":{"line":184,"column":14},"end":{"line":184,"column":null}}],"line":182},"19":{"loc":{"start":{"line":186,"column":22},"end":{"line":192,"column":null}},"type":"cond-expr","locations":[{"start":{"line":187,"column":8},"end":{"line":191,"column":null}},{"start":{"line":192,"column":8},"end":{"line":192,"column":null}}],"line":186},"20":{"loc":{"start":{"line":189,"column":22},"end":{"line":189,"column":null}},"type":"binary-expr","locations":[{"start":{"line":189,"column":22},"end":{"line":189,"column":46}},{"start":{"line":189,"column":46},"end":{"line":189,"column":null}}],"line":189},"21":{"loc":{"start":{"line":190,"column":22},"end":{"line":190,"column":null}},"type":"binary-expr","locations":[{"start":{"line":190,"column":22},"end":{"line":190,"column":46}},{"start":{"line":190,"column":46},"end":{"line":190,"column":null}}],"line":190},"22":{"loc":{"start":{"line":229,"column":35},"end":{"line":229,"column":null}},"type":"binary-expr","locations":[{"start":{"line":229,"column":35},"end":{"line":229,"column":54}},{"start":{"line":229,"column":54},"end":{"line":229,"column":null}}],"line":229},"23":{"loc":{"start":{"line":269,"column":4},"end":{"line":277,"column":null}},"type":"if","locations":[{"start":{"line":269,"column":4},"end":{"line":277,"column":null}},{"start":{},"end":{}}],"line":269},"24":{"loc":{"start":{"line":295,"column":4},"end":{"line":301,"column":null}},"type":"if","locations":[{"start":{"line":295,"column":4},"end":{"line":301,"column":null}},{"start":{},"end":{}}],"line":295},"25":{"loc":{"start":{"line":302,"column":4},"end":{"line":308,"column":null}},"type":"if","locations":[{"start":{"line":302,"column":4},"end":{"line":308,"column":null}},{"start":{},"end":{}}],"line":302},"26":{"loc":{"start":{"line":326,"column":7},"end":{"line":326,"column":null}},"type":"binary-expr","locations":[{"start":{"line":326,"column":7},"end":{"line":326,"column":72}},{"start":{"line":326,"column":72},"end":{"line":326,"column":null}}],"line":326},"27":{"loc":{"start":{"line":339,"column":9},"end":{"line":340,"column":null}},"type":"binary-expr","locations":[{"start":{"line":339,"column":9},"end":{"line":339,"column":null}},{"start":{"line":340,"column":65},"end":{"line":340,"column":null}}],"line":339},"28":{"loc":{"start":{"line":397,"column":19},"end":{"line":397,"column":null}},"type":"cond-expr","locations":[{"start":{"line":397,"column":35},"end":{"line":397,"column":59}},{"start":{"line":397,"column":59},"end":{"line":397,"column":null}}],"line":397},"29":{"loc":{"start":{"line":410,"column":19},"end":{"line":410,"column":null}},"type":"cond-expr","locations":[{"start":{"line":410,"column":35},"end":{"line":410,"column":59}},{"start":{"line":410,"column":59},"end":{"line":410,"column":null}}],"line":410},"30":{"loc":{"start":{"line":423,"column":19},"end":{"line":423,"column":null}},"type":"cond-expr","locations":[{"start":{"line":423,"column":35},"end":{"line":423,"column":59}},{"start":{"line":423,"column":59},"end":{"line":423,"column":null}}],"line":423},"31":{"loc":{"start":{"line":440,"column":18},"end":{"line":440,"column":null}},"type":"cond-expr","locations":[{"start":{"line":440,"column":29},"end":{"line":440,"column":48}},{"start":{"line":440,"column":48},"end":{"line":440,"column":null}}],"line":440},"32":{"loc":{"start":{"line":469,"column":29},"end":{"line":469,"column":55}},"type":"cond-expr","locations":[{"start":{"line":469,"column":39},"end":{"line":469,"column":53}},{"start":{"line":469,"column":53},"end":{"line":469,"column":55}}],"line":469},"33":{"loc":{"start":{"line":477,"column":13},"end":{"line":477,"column":null}},"type":"cond-expr","locations":[{"start":{"line":477,"column":28},"end":{"line":477,"column":51}},{"start":{"line":477,"column":51},"end":{"line":477,"column":null}}],"line":477},"34":{"loc":{"start":{"line":479,"column":9},"end":{"line":479,"column":null}},"type":"binary-expr","locations":[{"start":{"line":479,"column":9},"end":{"line":479,"column":76}},{"start":{"line":479,"column":76},"end":{"line":479,"column":null}}],"line":479},"35":{"loc":{"start":{"line":488,"column":19},"end":{"line":488,"column":null}},"type":"binary-expr","locations":[{"start":{"line":488,"column":19},"end":{"line":488,"column":54}},{"start":{"line":488,"column":54},"end":{"line":488,"column":null}}],"line":488},"36":{"loc":{"start":{"line":491,"column":24},"end":{"line":493,"column":null}},"type":"cond-expr","locations":[{"start":{"line":492,"column":10},"end":{"line":492,"column":null}},{"start":{"line":493,"column":10},"end":{"line":493,"column":null}}],"line":491},"37":{"loc":{"start":{"line":495,"column":16},"end":{"line":495,"column":null}},"type":"cond-expr","locations":[{"start":{"line":495,"column":34},"end":{"line":495,"column":60}},{"start":{"line":495,"column":60},"end":{"line":495,"column":null}}],"line":495}},"s":{"0":1,"1":1,"2":1,"3":0,"4":0,"5":0,"6":0,"7":0,"8":0,"9":0,"10":0,"11":0,"12":0,"13":0,"14":0,"15":0,"16":0,"17":0,"18":0,"19":0,"20":0,"21":0,"22":0,"23":0,"24":0,"25":0,"26":1,"27":0,"28":0,"29":0,"30":0,"31":0,"32":0,"33":0,"34":0,"35":1,"36":0,"37":0,"38":0,"39":0,"40":0,"41":0,"42":0,"43":0,"44":0,"45":0,"46":0,"47":0,"48":0,"49":0,"50":0,"51":0,"52":0,"53":0,"54":0,"55":0,"56":0,"57":0,"58":0,"59":0,"60":0,"61":0,"62":0,"63":0,"64":0,"65":0,"66":0,"67":0,"68":0,"69":0,"70":0,"71":0,"72":0,"73":0,"74":0,"75":0,"76":0,"77":0,"78":0,"79":0,"80":0,"81":0,"82":0,"83":0,"84":0,"85":0,"86":0,"87":0,"88":0,"89":0,"90":0,"91":0,"92":0,"93":0,"94":0,"95":0},"f":{"0":0,"1":0,"2":0,"3":0,"4":0,"5":0,"6":0,"7":0,"8":0,"9":0,"10":0,"11":0,"12":0,"13":0,"14":0,"15":0,"16":0,"17":0,"18":0,"19":0,"20":0,"21":0,"22":0,"23":0,"24":0,"25":0,"26":0,"27":0,"28":0,"29":0,"30":0,"31":0,"32":0,"33":0,"34":0,"35":0,"36":0,"37":0,"38":0},"b":{"0":[0],"1":[0],"2":[0,0],"3":[0,0],"4":[0,0],"5":[0,0],"6":[0,0],"7":[0,0],"8":[0,0,0],"9":[0,0],"10":[0,0],"11":[0,0],"12":[0,0],"13":[0,0],"14":[0,0],"15":[0,0],"16":[0,0],"17":[0,0],"18":[0,0],"19":[0,0],"20":[0,0],"21":[0,0],"22":[0,0],"23":[0,0],"24":[0,0],"25":[0,0],"26":[0,0],"27":[0,0],"28":[0,0],"29":[0,0],"30":[0,0],"31":[0,0],"32":[0,0],"33":[0,0],"34":[0,0],"35":[0,0],"36":[0,0],"37":[0,0]},"meta":{"lastBranch":38,"lastFunction":39,"lastStatement":96,"seen":{"s:69:33:69:Infinity":0,"s:70:45:70:Infinity":1,"s:71:12:71:Infinity":2,"f:71:12:71:13":0,"s:71:30:71:Infinity":3,"f:72:15:72:Infinity":1,"b:74:22:74:Infinity":0,"b:75:10:75:Infinity":1,"s:77:18:77:Infinity":4,"b:78:2:79:Infinity:undefined:undefined:undefined:undefined":2,"s:78:2:79:Infinity":5,"s:79:4:79:Infinity":6,"b:80:2:80:Infinity:undefined:undefined:undefined:undefined":3,"s:80:2:80:Infinity":7,"s:80:19:80:Infinity":8,"s:81:19:85:Infinity":9,"b:86:2:106:Infinity:undefined:undefined:undefined:undefined":4,"s:86:2:106:Infinity":10,"b:86:6:86:33:86:33:86:40":5,"s:87:4:98:Infinity":11,"f:91:12:91:19":2,"b:92:8:92:Infinity:undefined:undefined:undefined:undefined":6,"s:92:8:92:Infinity":12,"s:92:27:92:Infinity":13,"s:93:8:94:Infinity":14,"f:96:15:96:21":3,"s:97:8:97:Infinity":15,"s:99:4:105:Infinity":16,"s:100:6:100:Infinity":17,"s:101:6:101:Infinity":18,"s:103:6:103:Infinity":19,"s:104:6:104:Infinity":20,"b:107:2:115:Infinity:undefined:undefined:undefined:undefined":7,"s:107:2:115:Infinity":21,"s:108:19:108:Infinity":22,"f:108:47:108:53":4,"s:108:53:108:57":23,"s:112:4:114:Infinity":24,"b:113:6:113:23:113:23:113:41:113:41:113:Infinity":8,"s:116:2:118:Infinity":25,"b:117:7:117:Infinity:118:7:118:Infinity":9,"s:120:19:125:Infinity":26,"f:120:19:120:20":5,"s:120:42:125:Infinity":27,"f:126:9:126:19":6,"s:127:19:129:Infinity":28,"f:129:10:129:11":7,"s:129:17:129:56":29,"s:131:4:133:Infinity":30,"b:131:4:133:64:133:64:133:Infinity":10,"f:133:12:133:13":8,"s:133:19:133:59":31,"s:134:21:134:Infinity":32,"s:135:2:195:Infinity":33,"b:143:8:143:Infinity:144:8:144:Infinity":11,"b:154:8:160:Infinity:161:8:161:Infinity":12,"b:163:8:163:Infinity:164:8:166:Infinity":13,"b:165:10:165:Infinity:166:10:166:Infinity":14,"f:167:25:167:26":9,"s:167:33:173:6":34,"b:176:12:176:27:176:27:176:Infinity":15,"b:178:17:178:38:178:38:178:Infinity":16,"b:181:12:181:Infinity:182:12:184:Infinity":17,"b:183:14:183:Infinity:184:14:184:Infinity":18,"b:187:8:191:Infinity:192:8:192:Infinity":19,"b:189:22:189:46:189:46:189:Infinity":20,"b:190:22:190:46:190:46:190:Infinity":21,"s:197:48:498:Infinity":35,"f:198:8:198:14":10,"s:199:19:206:Infinity":36,"s:207:4:207:Infinity":37,"s:208:4:213:Infinity":38,"f:215:8:215:17":11,"s:216:19:233:Infinity":39,"b:229:35:229:54:229:54:229:Infinity":22,"s:234:4:234:Infinity":40,"s:235:4:240:Infinity":41,"f:242:8:242:17":12,"s:243:4:243:Infinity":42,"s:244:4:244:Infinity":43,"f:246:8:246:25":13,"s:247:19:252:Infinity":44,"s:253:4:258:Infinity":45,"f:260:8:260:21":14,"s:261:20:268:Infinity":46,"b:269:4:277:Infinity:undefined:undefined:undefined:undefined":23,"s:269:4:277:Infinity":47,"s:270:19:270:Infinity":48,"s:271:6:271:Infinity":49,"s:272:6:275:Infinity":50,"s:276:6:276:Infinity":51,"s:278:4:278:Infinity":52,"f:280:8:280:21":15,"s:281:17:283:Infinity":53,"s:284:4:284:Infinity":54,"f:286:8:286:18":16,"s:287:4:287:Infinity":55,"f:289:8:289:29":17,"s:290:20:290:Infinity":56,"s:291:18:291:Infinity":57,"f:291:36:291:37":18,"s:291:43:291:54":58,"s:292:4:292:Infinity":59,"f:294:8:294:21":19,"b:295:4:301:Infinity:undefined:undefined:undefined:undefined":24,"s:295:4:301:Infinity":60,"s:296:6:301:Infinity":61,"b:302:4:308:Infinity:undefined:undefined:undefined:undefined":25,"s:302:4:308:Infinity":62,"s:303:6:308:Infinity":63,"s:309:4:309:Infinity":64,"f:311:8:311:24":20,"s:312:14:320:Infinity":65,"s:321:4:321:Infinity":66,"f:323:8:323:30":21,"s:324:14:324:Infinity":67,"s:325:22:326:Infinity":68,"f:325:22:325:23":22,"s:326:7:326:Infinity":69,"b:326:7:326:72:326:72:326:Infinity":26,"s:327:4:341:Infinity":70,"b:339:9:339:Infinity:340:65:340:Infinity":27,"f:343:8:343:28":23,"s:344:14:344:Infinity":71,"s:345:4:363:Infinity":72,"f:354:8:354:9":24,"s:354:19:361:Infinity":73,"f:365:8:365:24":25,"s:366:14:368:Infinity":74,"s:369:4:376:Infinity":75,"f:369:23:369:24":26,"s:369:31:376:6":76,"f:378:8:378:24":27,"s:379:14:382:Infinity":77,"s:383:4:390:Infinity":78,"f:392:8:392:25":28,"s:393:14:393:Infinity":79,"s:394:4:400:Infinity":80,"f:394:17:394:18":29,"s:394:25:400:6":81,"b:397:35:397:59:397:59:397:Infinity":28,"f:402:8:402:25":30,"s:403:14:406:Infinity":82,"s:407:4:413:Infinity":83,"b:410:35:410:59:410:59:410:Infinity":29,"f:415:8:415:25":31,"s:416:14:419:Infinity":84,"s:420:4:426:Infinity":85,"b:423:35:423:59:423:59:423:Infinity":30,"f:428:8:428:24":32,"s:429:14:431:Infinity":86,"s:432:4:443:Infinity":87,"f:433:6:433:7":33,"s:434:9:442:Infinity":88,"b:440:29:440:48:440:48:440:Infinity":31,"f:445:8:445:27":34,"s:446:14:446:Infinity":89,"s:447:4:456:Infinity":90,"f:448:6:448:7":35,"s:449:9:455:Infinity":91,"f:458:8:458:28":36,"s:459:4:462:Infinity":92,"f:464:8:464:36":37,"s:465:19:471:Infinity":93,"b:469:39:469:53:469:53:469:55":32,"s:472:4:496:Infinity":94,"b:477:28:477:51:477:51:477:Infinity":33,"b:479:9:479:76:479:76:479:Infinity":34,"f:480:12:480:13":38,"s:480:27:489:8":95,"b:488:19:488:54:488:54:488:Infinity":35,"b:492:10:492:Infinity:493:10:493:Infinity":36,"b:495:34:495:60:495:60:495:Infinity":37},"fnNames":{}}}}}